[0.322s] DEBUG:colcon:Command line arguments: ['/usr/bin/colcon', 'build']
[0.322s] DEBUG:colcon:Parsed command line arguments: Namespace(log_base=None, log_level=None, verb_name='build', build_base='build', install_base='install', merge_install=False, symlink_install=False, test_result_base=None, continue_on_error=False, executor='parallel', parallel_workers=20, event_handlers=None, ignore_user_meta=False, metas=['./colcon.meta'], base_paths=['.'], packages_ignore=None, packages_ignore_regex=None, paths=None, packages_up_to=None, packages_up_to_regex=None, packages_above=None, packages_above_and_dependencies=None, packages_above_depth=None, packages_select_by_dep=None, packages_skip_by_dep=None, packages_skip_up_to=None, packages_select_build_failed=False, packages_skip_build_finished=False, packages_select_test_failures=False, packages_skip_test_passed=False, packages_select=None, packages_skip=None, packages_select_regex=None, packages_skip_regex=None, packages_start=None, packages_end=None, allow_overriding=[], cmake_args=None, cmake_target=None, cmake_target_skip_unavailable=False, cmake_clean_cache=False, cmake_clean_first=False, cmake_force_configure=False, ament_cmake_args=None, catkin_cmake_args=None, catkin_skip_building_tests=False, mixin_files=None, mixin=None, verb_parser=<colcon_mixin.mixin.mixin_argument.MixinArgumentDecorator object at 0x70d9c8d32c80>, verb_extension=<colcon_core.verb.build.BuildVerb object at 0x70d9c8d31f60>, main=<bound method BuildVerb.main of <colcon_core.verb.build.BuildVerb object at 0x70d9c8d31f60>>, mixin_verb=('build',))
[0.862s] Level 1:colcon.colcon_core.package_discovery:discover_packages(colcon_meta) check parameters
[0.862s] Level 1:colcon.colcon_core.package_discovery:discover_packages(recursive) check parameters
[0.862s] Level 1:colcon.colcon_core.package_discovery:discover_packages(ignore) check parameters
[0.862s] Level 1:colcon.colcon_core.package_discovery:discover_packages(path) check parameters
[0.862s] Level 1:colcon.colcon_core.package_discovery:discover_packages(colcon_meta) discover
[0.863s] Level 1:colcon.colcon_core.package_discovery:discover_packages(recursive) discover
[0.863s] INFO:colcon.colcon_core.package_discovery:Crawling recursively for packages in '/home/jaime/Documents/IFS06-DV/Paquetes_Ros2/puente_ros'
[0.863s] Level 1:colcon.colcon_core.package_identification:_identify(.) by extensions ['ignore', 'ignore_ament_install']
[0.863s] Level 1:colcon.colcon_core.package_identification:_identify(.) by extension 'ignore'
[0.864s] Level 1:colcon.colcon_core.package_identification:_identify(.) by extension 'ignore_ament_install'
[0.864s] Level 1:colcon.colcon_core.package_identification:_identify(.) by extensions ['colcon_pkg']
[0.864s] Level 1:colcon.colcon_core.package_identification:_identify(.) by extension 'colcon_pkg'
[0.864s] Level 1:colcon.colcon_core.package_identification:_identify(.) by extensions ['colcon_meta']
[0.864s] Level 1:colcon.colcon_core.package_identification:_identify(.) by extension 'colcon_meta'
[0.864s] Level 1:colcon.colcon_core.package_identification:_identify(.) by extensions ['ros']
[0.865s] Level 1:colcon.colcon_core.package_identification:_identify(.) by extension 'ros'
[0.910s] DEBUG:colcon.colcon_core.package_identification:Package '.' with type 'ros.ament_python' and name 'puente_ros'
[0.911s] Level 1:colcon.colcon_core.package_discovery:discover_packages(recursive) using defaults
[0.911s] Level 1:colcon.colcon_core.package_discovery:discover_packages(ignore) discover
[0.911s] Level 1:colcon.colcon_core.package_discovery:discover_packages(ignore) using defaults
[0.911s] Level 1:colcon.colcon_core.package_discovery:discover_packages(path) discover
[0.911s] Level 1:colcon.colcon_core.package_discovery:discover_packages(path) using defaults
[1.019s] Level 1:colcon.colcon_core.package_discovery:discover_packages(prefix_path) check parameters
[1.019s] Level 1:colcon.colcon_core.package_discovery:discover_packages(prefix_path) discover
[1.024s] DEBUG:colcon.colcon_installed_package_information.package_discovery:Found 1 installed packages in /home/jaime/Documents/IFS06-DV/Paquetes_Ros2/puente_ros/install
[1.028s] DEBUG:colcon.colcon_installed_package_information.package_discovery:Found 386 installed packages in /opt/ros/humble
[1.034s] Level 1:colcon.colcon_core.package_discovery:discover_packages(prefix_path) using defaults
[1.168s] Level 5:colcon.colcon_core.verb:set package 'puente_ros' build argument 'cmake_args' from command line to 'None'
[1.169s] Level 5:colcon.colcon_core.verb:set package 'puente_ros' build argument 'cmake_target' from command line to 'None'
[1.169s] Level 5:colcon.colcon_core.verb:set package 'puente_ros' build argument 'cmake_target_skip_unavailable' from command line to 'False'
[1.169s] Level 5:colcon.colcon_core.verb:set package 'puente_ros' build argument 'cmake_clean_cache' from command line to 'False'
[1.169s] Level 5:colcon.colcon_core.verb:set package 'puente_ros' build argument 'cmake_clean_first' from command line to 'False'
[1.169s] Level 5:colcon.colcon_core.verb:set package 'puente_ros' build argument 'cmake_force_configure' from command line to 'False'
[1.169s] Level 5:colcon.colcon_core.verb:set package 'puente_ros' build argument 'ament_cmake_args' from command line to 'None'
[1.169s] Level 5:colcon.colcon_core.verb:set package 'puente_ros' build argument 'catkin_cmake_args' from command line to 'None'
[1.169s] Level 5:colcon.colcon_core.verb:set package 'puente_ros' build argument 'catkin_skip_building_tests' from command line to 'False'
[1.169s] DEBUG:colcon.colcon_core.verb:Building package 'puente_ros' with the following arguments: {'ament_cmake_args': None, 'build_base': '/home/jaime/Documents/IFS06-DV/Paquetes_Ros2/puente_ros/build/puente_ros', 'catkin_cmake_args': None, 'catkin_skip_building_tests': False, 'cmake_args': None, 'cmake_clean_cache': False, 'cmake_clean_first': False, 'cmake_force_configure': False, 'cmake_target': None, 'cmake_target_skip_unavailable': False, 'install_base': '/home/jaime/Documents/IFS06-DV/Paquetes_Ros2/puente_ros/install/puente_ros', 'merge_install': False, 'path': '/home/jaime/Documents/IFS06-DV/Paquetes_Ros2/puente_ros', 'symlink_install': False, 'test_result_base': None}
[1.170s] INFO:colcon.colcon_core.executor:Executing jobs using 'parallel' executor
[1.173s] DEBUG:colcon.colcon_parallel_executor.executor.parallel:run_until_complete
[1.173s] INFO:colcon.colcon_ros.task.ament_python.build:Building ROS package in '/home/jaime/Documents/IFS06-DV/Paquetes_Ros2/puente_ros' with build type 'ament_python'
[1.174s] Level 1:colcon.colcon_core.shell:create_environment_hook('puente_ros', 'ament_prefix_path')
[1.181s] INFO:colcon.colcon_core.plugin_system:Skipping extension 'colcon_core.shell.bat': Not used on non-Windows systems
[1.182s] INFO:colcon.colcon_core.shell:Creating environment hook '/home/jaime/Documents/IFS06-DV/Paquetes_Ros2/puente_ros/install/puente_ros/share/puente_ros/hook/ament_prefix_path.ps1'
[1.184s] INFO:colcon.colcon_core.shell:Creating environment descriptor '/home/jaime/Documents/IFS06-DV/Paquetes_Ros2/puente_ros/install/puente_ros/share/puente_ros/hook/ament_prefix_path.dsv'
[1.185s] INFO:colcon.colcon_core.shell:Creating environment hook '/home/jaime/Documents/IFS06-DV/Paquetes_Ros2/puente_ros/install/puente_ros/share/puente_ros/hook/ament_prefix_path.sh'
[1.188s] INFO:colcon.colcon_core.shell:Skip shell extension 'powershell' for command environment: Not usable outside of PowerShell
[1.188s] DEBUG:colcon.colcon_core.shell:Skip shell extension 'dsv' for command environment
[2.032s] INFO:colcon.colcon_core.task.python.build:Building Python package in '/home/jaime/Documents/IFS06-DV/Paquetes_Ros2/puente_ros'
[2.033s] INFO:colcon.colcon_core.shell:Skip shell extension 'powershell' for command environment: Not usable outside of PowerShell
[2.033s] DEBUG:colcon.colcon_core.shell:Skip shell extension 'dsv' for command environment
[3.258s] DEBUG:colcon.colcon_core.event_handler.log_command:Invoking command in '/home/jaime/Documents/IFS06-DV/Paquetes_Ros2/puente_ros': PYTHONPATH=/home/jaime/Documents/IFS06-DV/Paquetes_Ros2/puente_ros/build/puente_ros/prefix_override:/home/jaime/Documents/IFS06-DV/Paquetes_Ros2/puente_ros/install/puente_ros/lib/python3.10/site-packages:${PYTHONPATH} /usr/bin/python3 -W ignore:setup.py install is deprecated setup.py egg_info --egg-base build/puente_ros build --build-base /home/jaime/Documents/IFS06-DV/Paquetes_Ros2/puente_ros/build/puente_ros/build install --record /home/jaime/Documents/IFS06-DV/Paquetes_Ros2/puente_ros/build/puente_ros/install.log --single-version-externally-managed install_data
[4.228s] DEBUG:colcon.colcon_core.event_handler.log_command:Invoked command in '/home/jaime/Documents/IFS06-DV/Paquetes_Ros2/puente_ros' returned '0': PYTHONPATH=/home/jaime/Documents/IFS06-DV/Paquetes_Ros2/puente_ros/build/puente_ros/prefix_override:/home/jaime/Documents/IFS06-DV/Paquetes_Ros2/puente_ros/install/puente_ros/lib/python3.10/site-packages:${PYTHONPATH} /usr/bin/python3 -W ignore:setup.py install is deprecated setup.py egg_info --egg-base build/puente_ros build --build-base /home/jaime/Documents/IFS06-DV/Paquetes_Ros2/puente_ros/build/puente_ros/build install --record /home/jaime/Documents/IFS06-DV/Paquetes_Ros2/puente_ros/build/puente_ros/install.log --single-version-externally-managed install_data
[4.237s] Level 1:colcon.colcon_core.environment:checking '/home/jaime/Documents/IFS06-DV/Paquetes_Ros2/puente_ros/install/puente_ros' for CMake module files
[4.238s] Level 1:colcon.colcon_core.environment:checking '/home/jaime/Documents/IFS06-DV/Paquetes_Ros2/puente_ros/install/puente_ros' for CMake config files
[4.241s] Level 1:colcon.colcon_core.environment:checking '/home/jaime/Documents/IFS06-DV/Paquetes_Ros2/puente_ros/install/puente_ros/lib'
[4.241s] Level 1:colcon.colcon_core.environment:checking '/home/jaime/Documents/IFS06-DV/Paquetes_Ros2/puente_ros/install/puente_ros/bin'
[4.242s] Level 1:colcon.colcon_core.environment:checking '/home/jaime/Documents/IFS06-DV/Paquetes_Ros2/puente_ros/install/puente_ros/lib/pkgconfig/puente_ros.pc'
[4.243s] Level 1:colcon.colcon_core.environment:checking '/home/jaime/Documents/IFS06-DV/Paquetes_Ros2/puente_ros/install/puente_ros/lib/python3.10/site-packages'
[4.243s] Level 1:colcon.colcon_core.shell:create_environment_hook('puente_ros', 'pythonpath')
[4.244s] INFO:colcon.colcon_core.shell:Creating environment hook '/home/jaime/Documents/IFS06-DV/Paquetes_Ros2/puente_ros/install/puente_ros/share/puente_ros/hook/pythonpath.ps1'
[4.247s] INFO:colcon.colcon_core.shell:Creating environment descriptor '/home/jaime/Documents/IFS06-DV/Paquetes_Ros2/puente_ros/install/puente_ros/share/puente_ros/hook/pythonpath.dsv'
[4.248s] INFO:colcon.colcon_core.shell:Creating environment hook '/home/jaime/Documents/IFS06-DV/Paquetes_Ros2/puente_ros/install/puente_ros/share/puente_ros/hook/pythonpath.sh'
[4.251s] Level 1:colcon.colcon_core.environment:checking '/home/jaime/Documents/IFS06-DV/Paquetes_Ros2/puente_ros/install/puente_ros/bin'
[4.251s] Level 1:colcon.colcon_core.environment:create_environment_scripts_only(puente_ros)
[4.253s] INFO:colcon.colcon_core.shell:Creating package script '/home/jaime/Documents/IFS06-DV/Paquetes_Ros2/puente_ros/install/puente_ros/share/puente_ros/package.ps1'
[4.256s] INFO:colcon.colcon_core.shell:Creating package descriptor '/home/jaime/Documents/IFS06-DV/Paquetes_Ros2/puente_ros/install/puente_ros/share/puente_ros/package.dsv'
[4.259s] INFO:colcon.colcon_core.shell:Creating package script '/home/jaime/Documents/IFS06-DV/Paquetes_Ros2/puente_ros/install/puente_ros/share/puente_ros/package.sh'
[4.262s] INFO:colcon.colcon_core.shell:Creating package script '/home/jaime/Documents/IFS06-DV/Paquetes_Ros2/puente_ros/install/puente_ros/share/puente_ros/package.bash'
[4.265s] INFO:colcon.colcon_core.shell:Creating package script '/home/jaime/Documents/IFS06-DV/Paquetes_Ros2/puente_ros/install/puente_ros/share/puente_ros/package.zsh'
[4.267s] Level 1:colcon.colcon_core.environment:create_file_with_runtime_dependencies(/home/jaime/Documents/IFS06-DV/Paquetes_Ros2/puente_ros/install/puente_ros/share/colcon-core/packages/puente_ros)
[4.268s] DEBUG:colcon.colcon_parallel_executor.executor.parallel:closing loop
[4.269s] DEBUG:colcon.colcon_parallel_executor.executor.parallel:loop closed
[4.269s] DEBUG:colcon.colcon_parallel_executor.executor.parallel:run_until_complete finished with '0'
[4.270s] DEBUG:colcon.colcon_core.event_reactor:joining thread
[4.288s] INFO:colcon.colcon_core.plugin_system:Skipping extension 'colcon_notification.desktop_notification.terminal_notifier': Not used on non-Darwin systems
[4.289s] INFO:colcon.colcon_core.plugin_system:Skipping extension 'colcon_notification.desktop_notification.win32': Not used on non-Windows systems
[4.289s] INFO:colcon.colcon_notification.desktop_notification:Sending desktop notification using 'notify2'
[4.329s] DEBUG:colcon.colcon_core.event_reactor:joined thread
[4.331s] INFO:colcon.colcon_core.shell:Creating prefix script '/home/jaime/Documents/IFS06-DV/Paquetes_Ros2/puente_ros/install/local_setup.ps1'
[4.334s] INFO:colcon.colcon_core.shell:Creating prefix util module '/home/jaime/Documents/IFS06-DV/Paquetes_Ros2/puente_ros/install/_local_setup_util_ps1.py'
[4.338s] INFO:colcon.colcon_core.shell:Creating prefix chain script '/home/jaime/Documents/IFS06-DV/Paquetes_Ros2/puente_ros/install/setup.ps1'
[4.341s] INFO:colcon.colcon_core.shell:Creating prefix script '/home/jaime/Documents/IFS06-DV/Paquetes_Ros2/puente_ros/install/local_setup.sh'
[4.344s] INFO:colcon.colcon_core.shell:Creating prefix util module '/home/jaime/Documents/IFS06-DV/Paquetes_Ros2/puente_ros/install/_local_setup_util_sh.py'
[4.346s] INFO:colcon.colcon_core.shell:Creating prefix chain script '/home/jaime/Documents/IFS06-DV/Paquetes_Ros2/puente_ros/install/setup.sh'
[4.349s] INFO:colcon.colcon_core.shell:Creating prefix script '/home/jaime/Documents/IFS06-DV/Paquetes_Ros2/puente_ros/install/local_setup.bash'
[4.350s] INFO:colcon.colcon_core.shell:Creating prefix chain script '/home/jaime/Documents/IFS06-DV/Paquetes_Ros2/puente_ros/install/setup.bash'
[4.354s] INFO:colcon.colcon_core.shell:Creating prefix script '/home/jaime/Documents/IFS06-DV/Paquetes_Ros2/puente_ros/install/local_setup.zsh'
[4.356s] INFO:colcon.colcon_core.shell:Creating prefix chain script '/home/jaime/Documents/IFS06-DV/Paquetes_Ros2/puente_ros/install/setup.zsh'
