[0.355s] DEBUG:colcon:Command line arguments: ['/usr/bin/colcon', 'build']
[0.355s] DEBUG:colcon:Parsed command line arguments: Namespace(log_base=None, log_level=None, verb_name='build', build_base='build', install_base='install', merge_install=False, symlink_install=False, test_result_base=None, continue_on_error=False, executor='parallel', parallel_workers=20, event_handlers=None, ignore_user_meta=False, metas=['./colcon.meta'], base_paths=['.'], packages_ignore=None, packages_ignore_regex=None, paths=None, packages_up_to=None, packages_up_to_regex=None, packages_above=None, packages_above_and_dependencies=None, packages_above_depth=None, packages_select_by_dep=None, packages_skip_by_dep=None, packages_skip_up_to=None, packages_select_build_failed=False, packages_skip_build_finished=False, packages_select_test_failures=False, packages_skip_test_passed=False, packages_select=None, packages_skip=None, packages_select_regex=None, packages_skip_regex=None, packages_start=None, packages_end=None, allow_overriding=[], cmake_args=None, cmake_target=None, cmake_target_skip_unavailable=False, cmake_clean_cache=False, cmake_clean_first=False, cmake_force_configure=False, ament_cmake_args=None, catkin_cmake_args=None, catkin_skip_building_tests=False, mixin_files=None, mixin=None, verb_parser=<colcon_mixin.mixin.mixin_argument.MixinArgumentDecorator object at 0x769c8f30ac20>, verb_extension=<colcon_core.verb.build.BuildVerb object at 0x769c8f309f00>, main=<bound method BuildVerb.main of <colcon_core.verb.build.BuildVerb object at 0x769c8f309f00>>, mixin_verb=('build',))
[0.825s] Level 1:colcon.colcon_core.package_discovery:discover_packages(colcon_meta) check parameters
[0.825s] Level 1:colcon.colcon_core.package_discovery:discover_packages(recursive) check parameters
[0.826s] Level 1:colcon.colcon_core.package_discovery:discover_packages(ignore) check parameters
[0.826s] Level 1:colcon.colcon_core.package_discovery:discover_packages(path) check parameters
[0.826s] Level 1:colcon.colcon_core.package_discovery:discover_packages(colcon_meta) discover
[0.826s] Level 1:colcon.colcon_core.package_discovery:discover_packages(recursive) discover
[0.827s] INFO:colcon.colcon_core.package_discovery:Crawling recursively for packages in '/home/jaime/Documents/IFS06-DV/Paquetes_Ros2/slam'
[0.827s] Level 1:colcon.colcon_core.package_identification:_identify(.) by extensions ['ignore', 'ignore_ament_install']
[0.827s] Level 1:colcon.colcon_core.package_identification:_identify(.) by extension 'ignore'
[0.828s] Level 1:colcon.colcon_core.package_identification:_identify(.) by extension 'ignore_ament_install'
[0.828s] Level 1:colcon.colcon_core.package_identification:_identify(.) by extensions ['colcon_pkg']
[0.828s] Level 1:colcon.colcon_core.package_identification:_identify(.) by extension 'colcon_pkg'
[0.828s] Level 1:colcon.colcon_core.package_identification:_identify(.) by extensions ['colcon_meta']
[0.828s] Level 1:colcon.colcon_core.package_identification:_identify(.) by extension 'colcon_meta'
[0.829s] Level 1:colcon.colcon_core.package_identification:_identify(.) by extensions ['ros']
[0.829s] Level 1:colcon.colcon_core.package_identification:_identify(.) by extension 'ros'
[0.874s] DEBUG:colcon.colcon_core.package_identification:Package '.' with type 'ros.ament_python' and name 'slam'
[0.874s] Level 1:colcon.colcon_core.package_discovery:discover_packages(recursive) using defaults
[0.874s] Level 1:colcon.colcon_core.package_discovery:discover_packages(ignore) discover
[0.874s] Level 1:colcon.colcon_core.package_discovery:discover_packages(ignore) using defaults
[0.874s] Level 1:colcon.colcon_core.package_discovery:discover_packages(path) discover
[0.874s] Level 1:colcon.colcon_core.package_discovery:discover_packages(path) using defaults
[0.969s] Level 1:colcon.colcon_core.package_discovery:discover_packages(prefix_path) check parameters
[0.969s] Level 1:colcon.colcon_core.package_discovery:discover_packages(prefix_path) discover
[0.975s] DEBUG:colcon.colcon_installed_package_information.package_discovery:Found 1 installed packages in /home/jaime/Documents/IFS06-DV/Paquetes_Ros2/slam/install
[0.979s] DEBUG:colcon.colcon_installed_package_information.package_discovery:Found 386 installed packages in /opt/ros/humble
[0.984s] Level 1:colcon.colcon_core.package_discovery:discover_packages(prefix_path) using defaults
[1.121s] Level 5:colcon.colcon_core.verb:set package 'slam' build argument 'cmake_args' from command line to 'None'
[1.121s] Level 5:colcon.colcon_core.verb:set package 'slam' build argument 'cmake_target' from command line to 'None'
[1.121s] Level 5:colcon.colcon_core.verb:set package 'slam' build argument 'cmake_target_skip_unavailable' from command line to 'False'
[1.121s] Level 5:colcon.colcon_core.verb:set package 'slam' build argument 'cmake_clean_cache' from command line to 'False'
[1.121s] Level 5:colcon.colcon_core.verb:set package 'slam' build argument 'cmake_clean_first' from command line to 'False'
[1.122s] Level 5:colcon.colcon_core.verb:set package 'slam' build argument 'cmake_force_configure' from command line to 'False'
[1.122s] Level 5:colcon.colcon_core.verb:set package 'slam' build argument 'ament_cmake_args' from command line to 'None'
[1.122s] Level 5:colcon.colcon_core.verb:set package 'slam' build argument 'catkin_cmake_args' from command line to 'None'
[1.122s] Level 5:colcon.colcon_core.verb:set package 'slam' build argument 'catkin_skip_building_tests' from command line to 'False'
[1.122s] DEBUG:colcon.colcon_core.verb:Building package 'slam' with the following arguments: {'ament_cmake_args': None, 'build_base': '/home/jaime/Documents/IFS06-DV/Paquetes_Ros2/slam/build/slam', 'catkin_cmake_args': None, 'catkin_skip_building_tests': False, 'cmake_args': None, 'cmake_clean_cache': False, 'cmake_clean_first': False, 'cmake_force_configure': False, 'cmake_target': None, 'cmake_target_skip_unavailable': False, 'install_base': '/home/jaime/Documents/IFS06-DV/Paquetes_Ros2/slam/install/slam', 'merge_install': False, 'path': '/home/jaime/Documents/IFS06-DV/Paquetes_Ros2/slam', 'symlink_install': False, 'test_result_base': None}
[1.122s] INFO:colcon.colcon_core.executor:Executing jobs using 'parallel' executor
[1.126s] DEBUG:colcon.colcon_parallel_executor.executor.parallel:run_until_complete
[1.126s] INFO:colcon.colcon_ros.task.ament_python.build:Building ROS package in '/home/jaime/Documents/IFS06-DV/Paquetes_Ros2/slam' with build type 'ament_python'
[1.127s] Level 1:colcon.colcon_core.shell:create_environment_hook('slam', 'ament_prefix_path')
[1.134s] INFO:colcon.colcon_core.plugin_system:Skipping extension 'colcon_core.shell.bat': Not used on non-Windows systems
[1.135s] INFO:colcon.colcon_core.shell:Creating environment hook '/home/jaime/Documents/IFS06-DV/Paquetes_Ros2/slam/install/slam/share/slam/hook/ament_prefix_path.ps1'
[1.137s] INFO:colcon.colcon_core.shell:Creating environment descriptor '/home/jaime/Documents/IFS06-DV/Paquetes_Ros2/slam/install/slam/share/slam/hook/ament_prefix_path.dsv'
[1.138s] INFO:colcon.colcon_core.shell:Creating environment hook '/home/jaime/Documents/IFS06-DV/Paquetes_Ros2/slam/install/slam/share/slam/hook/ament_prefix_path.sh'
[1.140s] INFO:colcon.colcon_core.shell:Skip shell extension 'powershell' for command environment: Not usable outside of PowerShell
[1.140s] DEBUG:colcon.colcon_core.shell:Skip shell extension 'dsv' for command environment
[1.806s] INFO:colcon.colcon_core.task.python.build:Building Python package in '/home/jaime/Documents/IFS06-DV/Paquetes_Ros2/slam'
[1.806s] INFO:colcon.colcon_core.shell:Skip shell extension 'powershell' for command environment: Not usable outside of PowerShell
[1.807s] DEBUG:colcon.colcon_core.shell:Skip shell extension 'dsv' for command environment
[2.780s] DEBUG:colcon.colcon_core.event_handler.log_command:Invoking command in '/home/jaime/Documents/IFS06-DV/Paquetes_Ros2/slam': PYTHONPATH=/home/jaime/Documents/IFS06-DV/Paquetes_Ros2/slam/build/slam/prefix_override:/home/jaime/Documents/IFS06-DV/Paquetes_Ros2/slam/install/slam/lib/python3.10/site-packages:${PYTHONPATH} /usr/bin/python3 -W ignore:setup.py install is deprecated setup.py egg_info --egg-base build/slam build --build-base /home/jaime/Documents/IFS06-DV/Paquetes_Ros2/slam/build/slam/build install --record /home/jaime/Documents/IFS06-DV/Paquetes_Ros2/slam/build/slam/install.log --single-version-externally-managed install_data
[3.571s] DEBUG:colcon.colcon_core.event_handler.log_command:Invoked command in '/home/jaime/Documents/IFS06-DV/Paquetes_Ros2/slam' returned '0': PYTHONPATH=/home/jaime/Documents/IFS06-DV/Paquetes_Ros2/slam/build/slam/prefix_override:/home/jaime/Documents/IFS06-DV/Paquetes_Ros2/slam/install/slam/lib/python3.10/site-packages:${PYTHONPATH} /usr/bin/python3 -W ignore:setup.py install is deprecated setup.py egg_info --egg-base build/slam build --build-base /home/jaime/Documents/IFS06-DV/Paquetes_Ros2/slam/build/slam/build install --record /home/jaime/Documents/IFS06-DV/Paquetes_Ros2/slam/build/slam/install.log --single-version-externally-managed install_data
[3.582s] Level 1:colcon.colcon_core.environment:checking '/home/jaime/Documents/IFS06-DV/Paquetes_Ros2/slam/install/slam' for CMake module files
[3.584s] Level 1:colcon.colcon_core.environment:checking '/home/jaime/Documents/IFS06-DV/Paquetes_Ros2/slam/install/slam' for CMake config files
[3.587s] Level 1:colcon.colcon_core.environment:checking '/home/jaime/Documents/IFS06-DV/Paquetes_Ros2/slam/install/slam/lib'
[3.588s] Level 1:colcon.colcon_core.environment:checking '/home/jaime/Documents/IFS06-DV/Paquetes_Ros2/slam/install/slam/bin'
[3.588s] Level 1:colcon.colcon_core.environment:checking '/home/jaime/Documents/IFS06-DV/Paquetes_Ros2/slam/install/slam/lib/pkgconfig/slam.pc'
[3.588s] Level 1:colcon.colcon_core.environment:checking '/home/jaime/Documents/IFS06-DV/Paquetes_Ros2/slam/install/slam/lib/python3.10/site-packages'
[3.589s] Level 1:colcon.colcon_core.shell:create_environment_hook('slam', 'pythonpath')
[3.589s] INFO:colcon.colcon_core.shell:Creating environment hook '/home/jaime/Documents/IFS06-DV/Paquetes_Ros2/slam/install/slam/share/slam/hook/pythonpath.ps1'
[3.590s] INFO:colcon.colcon_core.shell:Creating environment descriptor '/home/jaime/Documents/IFS06-DV/Paquetes_Ros2/slam/install/slam/share/slam/hook/pythonpath.dsv'
[3.591s] INFO:colcon.colcon_core.shell:Creating environment hook '/home/jaime/Documents/IFS06-DV/Paquetes_Ros2/slam/install/slam/share/slam/hook/pythonpath.sh'
[3.592s] Level 1:colcon.colcon_core.environment:checking '/home/jaime/Documents/IFS06-DV/Paquetes_Ros2/slam/install/slam/bin'
[3.592s] Level 1:colcon.colcon_core.environment:create_environment_scripts_only(slam)
[3.593s] INFO:colcon.colcon_core.shell:Creating package script '/home/jaime/Documents/IFS06-DV/Paquetes_Ros2/slam/install/slam/share/slam/package.ps1'
[3.595s] INFO:colcon.colcon_core.shell:Creating package descriptor '/home/jaime/Documents/IFS06-DV/Paquetes_Ros2/slam/install/slam/share/slam/package.dsv'
[3.596s] INFO:colcon.colcon_core.shell:Creating package script '/home/jaime/Documents/IFS06-DV/Paquetes_Ros2/slam/install/slam/share/slam/package.sh'
[3.598s] INFO:colcon.colcon_core.shell:Creating package script '/home/jaime/Documents/IFS06-DV/Paquetes_Ros2/slam/install/slam/share/slam/package.bash'
[3.599s] INFO:colcon.colcon_core.shell:Creating package script '/home/jaime/Documents/IFS06-DV/Paquetes_Ros2/slam/install/slam/share/slam/package.zsh'
[3.601s] Level 1:colcon.colcon_core.environment:create_file_with_runtime_dependencies(/home/jaime/Documents/IFS06-DV/Paquetes_Ros2/slam/install/slam/share/colcon-core/packages/slam)
[3.601s] DEBUG:colcon.colcon_parallel_executor.executor.parallel:closing loop
[3.602s] DEBUG:colcon.colcon_parallel_executor.executor.parallel:loop closed
[3.602s] DEBUG:colcon.colcon_parallel_executor.executor.parallel:run_until_complete finished with '0'
[3.603s] DEBUG:colcon.colcon_core.event_reactor:joining thread
[3.618s] INFO:colcon.colcon_core.plugin_system:Skipping extension 'colcon_notification.desktop_notification.terminal_notifier': Not used on non-Darwin systems
[3.619s] INFO:colcon.colcon_core.plugin_system:Skipping extension 'colcon_notification.desktop_notification.win32': Not used on non-Windows systems
[3.619s] INFO:colcon.colcon_notification.desktop_notification:Sending desktop notification using 'notify2'
[3.654s] DEBUG:colcon.colcon_core.event_reactor:joined thread
[3.655s] INFO:colcon.colcon_core.shell:Creating prefix script '/home/jaime/Documents/IFS06-DV/Paquetes_Ros2/slam/install/local_setup.ps1'
[3.658s] INFO:colcon.colcon_core.shell:Creating prefix util module '/home/jaime/Documents/IFS06-DV/Paquetes_Ros2/slam/install/_local_setup_util_ps1.py'
[3.663s] INFO:colcon.colcon_core.shell:Creating prefix chain script '/home/jaime/Documents/IFS06-DV/Paquetes_Ros2/slam/install/setup.ps1'
[3.667s] INFO:colcon.colcon_core.shell:Creating prefix script '/home/jaime/Documents/IFS06-DV/Paquetes_Ros2/slam/install/local_setup.sh'
[3.669s] INFO:colcon.colcon_core.shell:Creating prefix util module '/home/jaime/Documents/IFS06-DV/Paquetes_Ros2/slam/install/_local_setup_util_sh.py'
[3.671s] INFO:colcon.colcon_core.shell:Creating prefix chain script '/home/jaime/Documents/IFS06-DV/Paquetes_Ros2/slam/install/setup.sh'
[3.675s] INFO:colcon.colcon_core.shell:Creating prefix script '/home/jaime/Documents/IFS06-DV/Paquetes_Ros2/slam/install/local_setup.bash'
[3.677s] INFO:colcon.colcon_core.shell:Creating prefix chain script '/home/jaime/Documents/IFS06-DV/Paquetes_Ros2/slam/install/setup.bash'
[3.681s] INFO:colcon.colcon_core.shell:Creating prefix script '/home/jaime/Documents/IFS06-DV/Paquetes_Ros2/slam/install/local_setup.zsh'
[3.683s] INFO:colcon.colcon_core.shell:Creating prefix chain script '/home/jaime/Documents/IFS06-DV/Paquetes_Ros2/slam/install/setup.zsh'
