running egg_info
creating build/puente_ros/puente_ros.egg-info
writing build/puente_ros/puente_ros.egg-info/PKG-INFO
writing dependency_links to build/puente_ros/puente_ros.egg-info/dependency_links.txt
writing entry points to build/puente_ros/puente_ros.egg-info/entry_points.txt
writing requirements to build/puente_ros/puente_ros.egg-info/requires.txt
writing top-level names to build/puente_ros/puente_ros.egg-info/top_level.txt
writing manifest file 'build/puente_ros/puente_ros.egg-info/SOURCES.txt'
reading manifest file 'build/puente_ros/puente_ros.egg-info/SOURCES.txt'
adding license file 'LICENSE'
writing manifest file 'build/puente_ros/puente_ros.egg-info/SOURCES.txt'
running build
running build_py
creating /home/jaime/Documents/puente_ros/build/puente_ros/build
creating /home/jaime/Documents/puente_ros/build/puente_ros/build/lib
creating /home/jaime/Documents/puente_ros/build/puente_ros/build/lib/puente_ros
copying puente_ros/__init__.py -> /home/jaime/Documents/puente_ros/build/puente_ros/build/lib/puente_ros
copying puente_ros/puente_ros.py -> /home/jaime/Documents/puente_ros/build/puente_ros/build/lib/puente_ros
creating /home/jaime/Documents/puente_ros/build/puente_ros/build/lib/puente_ros/fsds
copying puente_ros/fsds/client.py -> /home/jaime/Documents/puente_ros/build/puente_ros/build/lib/puente_ros/fsds
copying puente_ros/fsds/__init__.py -> /home/jaime/Documents/puente_ros/build/puente_ros/build/lib/puente_ros/fsds
copying puente_ros/fsds/types.py -> /home/jaime/Documents/puente_ros/build/puente_ros/build/lib/puente_ros/fsds
copying puente_ros/fsds/utils.py -> /home/jaime/Documents/puente_ros/build/puente_ros/build/lib/puente_ros/fsds
running install
running install_lib
creating /home/jaime/Documents/puente_ros/install/puente_ros/lib/python3.10/site-packages/puente_ros
copying /home/jaime/Documents/puente_ros/build/puente_ros/build/lib/puente_ros/__init__.py -> /home/jaime/Documents/puente_ros/install/puente_ros/lib/python3.10/site-packages/puente_ros
copying /home/jaime/Documents/puente_ros/build/puente_ros/build/lib/puente_ros/puente_ros.py -> /home/jaime/Documents/puente_ros/install/puente_ros/lib/python3.10/site-packages/puente_ros
creating /home/jaime/Documents/puente_ros/install/puente_ros/lib/python3.10/site-packages/puente_ros/fsds
copying /home/jaime/Documents/puente_ros/build/puente_ros/build/lib/puente_ros/fsds/client.py -> /home/jaime/Documents/puente_ros/install/puente_ros/lib/python3.10/site-packages/puente_ros/fsds
copying /home/jaime/Documents/puente_ros/build/puente_ros/build/lib/puente_ros/fsds/__init__.py -> /home/jaime/Documents/puente_ros/install/puente_ros/lib/python3.10/site-packages/puente_ros/fsds
copying /home/jaime/Documents/puente_ros/build/puente_ros/build/lib/puente_ros/fsds/types.py -> /home/jaime/Documents/puente_ros/install/puente_ros/lib/python3.10/site-packages/puente_ros/fsds
copying /home/jaime/Documents/puente_ros/build/puente_ros/build/lib/puente_ros/fsds/utils.py -> /home/jaime/Documents/puente_ros/install/puente_ros/lib/python3.10/site-packages/puente_ros/fsds
byte-compiling /home/jaime/Documents/puente_ros/install/puente_ros/lib/python3.10/site-packages/puente_ros/__init__.py to __init__.cpython-310.pyc
byte-compiling /home/jaime/Documents/puente_ros/install/puente_ros/lib/python3.10/site-packages/puente_ros/puente_ros.py to puente_ros.cpython-310.pyc
byte-compiling /home/jaime/Documents/puente_ros/install/puente_ros/lib/python3.10/site-packages/puente_ros/fsds/client.py to client.cpython-310.pyc
byte-compiling /home/jaime/Documents/puente_ros/install/puente_ros/lib/python3.10/site-packages/puente_ros/fsds/__init__.py to __init__.cpython-310.pyc
byte-compiling /home/jaime/Documents/puente_ros/install/puente_ros/lib/python3.10/site-packages/puente_ros/fsds/types.py to types.cpython-310.pyc
byte-compiling /home/jaime/Documents/puente_ros/install/puente_ros/lib/python3.10/site-packages/puente_ros/fsds/utils.py to utils.cpython-310.pyc
running install_data
creating /home/jaime/Documents/puente_ros/install/puente_ros/share/ament_index
creating /home/jaime/Documents/puente_ros/install/puente_ros/share/ament_index/resource_index
creating /home/jaime/Documents/puente_ros/install/puente_ros/share/ament_index/resource_index/packages
copying resource/puente_ros -> /home/jaime/Documents/puente_ros/install/puente_ros/share/ament_index/resource_index/packages
copying package.xml -> /home/jaime/Documents/puente_ros/install/puente_ros/share/puente_ros
running install_egg_info
Copying build/puente_ros/puente_ros.egg-info to /home/jaime/Documents/puente_ros/install/puente_ros/lib/python3.10/site-packages/puente_ros-0.0.0-py3.10.egg-info
running install_scripts
writing list of installed files to '/home/jaime/Documents/puente_ros/build/puente_ros/install.log'
