[1.348s] Invoking command in '/home/jaime/Documents/IFS06-DV/Paquetes_Ros2/slam': PYTHONPATH=/home/jaime/Documents/IFS06-DV/Paquetes_Ros2/slam/build/slam/prefix_override:/home/jaime/Documents/IFS06-DV/Paquetes_Ros2/slam/install/slam/lib/python3.10/site-packages:${PYTHONPATH} /usr/bin/python3 -W ignore:setup.py install is deprecated setup.py egg_info --egg-base build/slam build --build-base /home/jaime/Documents/IFS06-DV/Paquetes_Ros2/slam/build/slam/build install --record /home/jaime/Documents/IFS06-DV/Paquetes_Ros2/slam/build/slam/install.log --single-version-externally-managed install_data
[1.918s] running egg_info
[1.920s] writing build/slam/slam.egg-info/PKG-INFO
[1.920s] writing dependency_links to build/slam/slam.egg-info/dependency_links.txt
[1.921s] writing entry points to build/slam/slam.egg-info/entry_points.txt
[1.921s] writing requirements to build/slam/slam.egg-info/requires.txt
[1.921s] writing top-level names to build/slam/slam.egg-info/top_level.txt
[1.924s] reading manifest file 'build/slam/slam.egg-info/SOURCES.txt'
[1.925s] adding license file 'LICENSE'
[1.926s] writing manifest file 'build/slam/slam.egg-info/SOURCES.txt'
[1.927s] running build
[1.927s] running build_py
[1.927s] copying slam/slam.py -> /home/jaime/Documents/IFS06-DV/Paquetes_Ros2/slam/build/slam/build/lib/slam
[1.930s] running install
[1.930s] running install_lib
[1.932s] copying /home/jaime/Documents/IFS06-DV/Paquetes_Ros2/slam/build/slam/build/lib/slam/slam.py -> /home/jaime/Documents/IFS06-DV/Paquetes_Ros2/slam/install/slam/lib/python3.10/site-packages/slam
[1.934s] byte-compiling /home/jaime/Documents/IFS06-DV/Paquetes_Ros2/slam/install/slam/lib/python3.10/site-packages/slam/slam.py to slam.cpython-310.pyc
[1.938s] running install_data
[1.938s] running install_egg_info
[1.943s] removing '/home/jaime/Documents/IFS06-DV/Paquetes_Ros2/slam/install/slam/lib/python3.10/site-packages/slam-0.0.0-py3.10.egg-info' (and everything under it)
[1.944s] Copying build/slam/slam.egg-info to /home/jaime/Documents/IFS06-DV/Paquetes_Ros2/slam/install/slam/lib/python3.10/site-packages/slam-0.0.0-py3.10.egg-info
[1.946s] running install_scripts
[1.991s] Installing Cone_Detection script to /home/jaime/Documents/IFS06-DV/Paquetes_Ros2/slam/install/slam/lib/slam
[1.991s] Installing Cone_Laser script to /home/jaime/Documents/IFS06-DV/Paquetes_Ros2/slam/install/slam/lib/slam
[1.992s] Installing Publicar_Mapa script to /home/jaime/Documents/IFS06-DV/Paquetes_Ros2/slam/install/slam/lib/slam
[1.992s] writing list of installed files to '/home/jaime/Documents/IFS06-DV/Paquetes_Ros2/slam/build/slam/install.log'
[2.041s] Invoked command in '/home/jaime/Documents/IFS06-DV/Paquetes_Ros2/slam' returned '0': PYTHONPATH=/home/jaime/Documents/IFS06-DV/Paquetes_Ros2/slam/build/slam/prefix_override:/home/jaime/Documents/IFS06-DV/Paquetes_Ros2/slam/install/slam/lib/python3.10/site-packages:${PYTHONPATH} /usr/bin/python3 -W ignore:setup.py install is deprecated setup.py egg_info --egg-base build/slam build --build-base /home/jaime/Documents/IFS06-DV/Paquetes_Ros2/slam/build/slam/build install --record /home/jaime/Documents/IFS06-DV/Paquetes_Ros2/slam/build/slam/install.log --single-version-externally-managed install_data
