[1.551s] Invoking command in '/home/jaime/Documents/IFS06-DV/Paquetes_Ros2/slam': PYTHONPATH=/home/jaime/Documents/IFS06-DV/Paquetes_Ros2/slam/build/slam/prefix_override:/home/jaime/Documents/IFS06-DV/Paquetes_Ros2/slam/install/slam/lib/python3.10/site-packages:${PYTHONPATH} /usr/bin/python3 -W ignore:setup.py install is deprecated setup.py egg_info --egg-base build/slam build --build-base /home/jaime/Documents/IFS06-DV/Paquetes_Ros2/slam/build/slam/build install --record /home/jaime/Documents/IFS06-DV/Paquetes_Ros2/slam/build/slam/install.log --single-version-externally-managed install_data
[2.147s] running egg_info
[2.149s] writing build/slam/slam.egg-info/PKG-INFO
[2.149s] writing dependency_links to build/slam/slam.egg-info/dependency_links.txt
[2.150s] writing entry points to build/slam/slam.egg-info/entry_points.txt
[2.150s] writing requirements to build/slam/slam.egg-info/requires.txt
[2.151s] writing top-level names to build/slam/slam.egg-info/top_level.txt
[2.155s] reading manifest file 'build/slam/slam.egg-info/SOURCES.txt'
[2.155s] adding license file 'LICENSE'
[2.157s] writing manifest file 'build/slam/slam.egg-info/SOURCES.txt'
[2.158s] running build
[2.158s] running build_py
[2.158s] copying slam/mapa.py -> /home/jaime/Documents/IFS06-DV/Paquetes_Ros2/slam/build/slam/build/lib/slam
[2.159s] running install
[2.160s] running install_lib
[2.162s] copying /home/jaime/Documents/IFS06-DV/Paquetes_Ros2/slam/build/slam/build/lib/slam/mapa.py -> /home/jaime/Documents/IFS06-DV/Paquetes_Ros2/slam/install/slam/lib/python3.10/site-packages/slam
[2.164s] byte-compiling /home/jaime/Documents/IFS06-DV/Paquetes_Ros2/slam/install/slam/lib/python3.10/site-packages/slam/mapa.py to mapa.cpython-310.pyc
[2.166s] running install_data
[2.166s] running install_egg_info
[2.173s] removing '/home/jaime/Documents/IFS06-DV/Paquetes_Ros2/slam/install/slam/lib/python3.10/site-packages/slam-0.0.0-py3.10.egg-info' (and everything under it)
[2.173s] Copying build/slam/slam.egg-info to /home/jaime/Documents/IFS06-DV/Paquetes_Ros2/slam/install/slam/lib/python3.10/site-packages/slam-0.0.0-py3.10.egg-info
[2.175s] running install_scripts
[2.229s] Installing Cone_Detection script to /home/jaime/Documents/IFS06-DV/Paquetes_Ros2/slam/install/slam/lib/slam
[2.230s] Installing Cone_Laser script to /home/jaime/Documents/IFS06-DV/Paquetes_Ros2/slam/install/slam/lib/slam
[2.230s] Installing Publicar_Mapa script to /home/jaime/Documents/IFS06-DV/Paquetes_Ros2/slam/install/slam/lib/slam
[2.230s] writing list of installed files to '/home/jaime/Documents/IFS06-DV/Paquetes_Ros2/slam/build/slam/install.log'
[2.289s] Invoked command in '/home/jaime/Documents/IFS06-DV/Paquetes_Ros2/slam' returned '0': PYTHONPATH=/home/jaime/Documents/IFS06-DV/Paquetes_Ros2/slam/build/slam/prefix_override:/home/jaime/Documents/IFS06-DV/Paquetes_Ros2/slam/install/slam/lib/python3.10/site-packages:${PYTHONPATH} /usr/bin/python3 -W ignore:setup.py install is deprecated setup.py egg_info --egg-base build/slam build --build-base /home/jaime/Documents/IFS06-DV/Paquetes_Ros2/slam/build/slam/build install --record /home/jaime/Documents/IFS06-DV/Paquetes_Ros2/slam/build/slam/install.log --single-version-externally-managed install_data
