[1.672s] Invoking command in '/home/jaime/Documents/IFS06-DV/Paquetes_Ros2/puente_ros': PYTHONPATH=/home/jaime/Documents/IFS06-DV/Paquetes_Ros2/puente_ros/build/puente_ros/prefix_override:/home/jaime/Documents/IFS06-DV/Paquetes_Ros2/puente_ros/install/puente_ros/lib/python3.10/site-packages:${PYTHONPATH} /usr/bin/python3 -W ignore:setup.py install is deprecated setup.py egg_info --egg-base build/puente_ros build --build-base /home/jaime/Documents/IFS06-DV/Paquetes_Ros2/puente_ros/build/puente_ros/build install --record /home/jaime/Documents/IFS06-DV/Paquetes_Ros2/puente_ros/build/puente_ros/install.log --single-version-externally-managed install_data
[2.354s] running egg_info
[2.356s] writing build/puente_ros/puente_ros.egg-info/PKG-INFO
[2.356s] writing dependency_links to build/puente_ros/puente_ros.egg-info/dependency_links.txt
[2.357s] writing entry points to build/puente_ros/puente_ros.egg-info/entry_points.txt
[2.357s] writing requirements to build/puente_ros/puente_ros.egg-info/requires.txt
[2.357s] writing top-level names to build/puente_ros/puente_ros.egg-info/top_level.txt
[2.362s] reading manifest file 'build/puente_ros/puente_ros.egg-info/SOURCES.txt'
[2.363s] adding license file 'LICENSE'
[2.365s] writing manifest file 'build/puente_ros/puente_ros.egg-info/SOURCES.txt'
[2.365s] running build
[2.366s] running build_py
[2.366s] copying puente_ros/puente_ros.py -> /home/jaime/Documents/IFS06-DV/Paquetes_Ros2/puente_ros/build/puente_ros/build/lib/puente_ros
[2.367s] running install
[2.368s] running install_lib
[2.370s] copying /home/jaime/Documents/IFS06-DV/Paquetes_Ros2/puente_ros/build/puente_ros/build/lib/puente_ros/puente_ros.py -> /home/jaime/Documents/IFS06-DV/Paquetes_Ros2/puente_ros/install/puente_ros/lib/python3.10/site-packages/puente_ros
[2.372s] byte-compiling /home/jaime/Documents/IFS06-DV/Paquetes_Ros2/puente_ros/install/puente_ros/lib/python3.10/site-packages/puente_ros/puente_ros.py to puente_ros.cpython-310.pyc
[2.378s] running install_data
[2.378s] running install_egg_info
[2.384s] removing '/home/jaime/Documents/IFS06-DV/Paquetes_Ros2/puente_ros/install/puente_ros/lib/python3.10/site-packages/puente_ros-0.0.0-py3.10.egg-info' (and everything under it)
[2.385s] Copying build/puente_ros/puente_ros.egg-info to /home/jaime/Documents/IFS06-DV/Paquetes_Ros2/puente_ros/install/puente_ros/lib/python3.10/site-packages/puente_ros-0.0.0-py3.10.egg-info
[2.386s] running install_scripts
[2.440s] Installing cone script to /home/jaime/Documents/IFS06-DV/Paquetes_Ros2/puente_ros/install/puente_ros/lib/puente_ros
[2.440s] Installing puente_ros_camara script to /home/jaime/Documents/IFS06-DV/Paquetes_Ros2/puente_ros/install/puente_ros/lib/puente_ros
[2.441s] Installing puente_ros_laser script to /home/jaime/Documents/IFS06-DV/Paquetes_Ros2/puente_ros/install/puente_ros/lib/puente_ros
[2.441s] Installing puente_ros_lidar script to /home/jaime/Documents/IFS06-DV/Paquetes_Ros2/puente_ros/install/puente_ros/lib/puente_ros
[2.442s] Installing puente_ros_odom script to /home/jaime/Documents/IFS06-DV/Paquetes_Ros2/puente_ros/install/puente_ros/lib/puente_ros
[2.442s] writing list of installed files to '/home/jaime/Documents/IFS06-DV/Paquetes_Ros2/puente_ros/build/puente_ros/install.log'
[2.498s] Invoked command in '/home/jaime/Documents/IFS06-DV/Paquetes_Ros2/puente_ros' returned '0': PYTHONPATH=/home/jaime/Documents/IFS06-DV/Paquetes_Ros2/puente_ros/build/puente_ros/prefix_override:/home/jaime/Documents/IFS06-DV/Paquetes_Ros2/puente_ros/install/puente_ros/lib/python3.10/site-packages:${PYTHONPATH} /usr/bin/python3 -W ignore:setup.py install is deprecated setup.py egg_info --egg-base build/puente_ros build --build-base /home/jaime/Documents/IFS06-DV/Paquetes_Ros2/puente_ros/build/puente_ros/build install --record /home/jaime/Documents/IFS06-DV/Paquetes_Ros2/puente_ros/build/puente_ros/install.log --single-version-externally-managed install_data
