[0.320s] Invoking command in '/home/jaime/Documents/puente_ros': PYTHONPATH=/home/jaime/Documents/puente_ros/build/puente_ros/prefix_override:/home/jaime/Documents/puente_ros/install/puente_ros/lib/python3.10/site-packages:${PYTHONPATH} /usr/bin/python3 -W ignore:setup.py install is deprecated setup.py egg_info --egg-base build/puente_ros build --build-base /home/jaime/Documents/puente_ros/build/puente_ros/build install --record /home/jaime/Documents/puente_ros/build/puente_ros/install.log --single-version-externally-managed install_data
[0.447s] running egg_info
[0.447s] writing build/puente_ros/puente_ros.egg-info/PKG-INFO
[0.447s] writing dependency_links to build/puente_ros/puente_ros.egg-info/dependency_links.txt
[0.447s] writing entry points to build/puente_ros/puente_ros.egg-info/entry_points.txt
[0.448s] writing requirements to build/puente_ros/puente_ros.egg-info/requires.txt
[0.448s] writing top-level names to build/puente_ros/puente_ros.egg-info/top_level.txt
[0.449s] reading manifest file 'build/puente_ros/puente_ros.egg-info/SOURCES.txt'
[0.449s] adding license file 'LICENSE'
[0.449s] writing manifest file 'build/puente_ros/puente_ros.egg-info/SOURCES.txt'
[0.450s] running build
[0.450s] running build_py
[0.450s] copying puente_ros/puente_ros.py -> /home/jaime/Documents/puente_ros/build/puente_ros/build/lib/puente_ros
[0.450s] running install
[0.450s] running install_lib
[0.450s] copying /home/jaime/Documents/puente_ros/build/puente_ros/build/lib/puente_ros/puente_ros.py -> /home/jaime/Documents/puente_ros/install/puente_ros/lib/python3.10/site-packages/puente_ros
[0.451s] byte-compiling /home/jaime/Documents/puente_ros/install/puente_ros/lib/python3.10/site-packages/puente_ros/puente_ros.py to puente_ros.cpython-310.pyc
[0.452s] running install_data
[0.452s] running install_egg_info
[0.453s] removing '/home/jaime/Documents/puente_ros/install/puente_ros/lib/python3.10/site-packages/puente_ros-0.0.0-py3.10.egg-info' (and everything under it)
[0.453s] Copying build/puente_ros/puente_ros.egg-info to /home/jaime/Documents/puente_ros/install/puente_ros/lib/python3.10/site-packages/puente_ros-0.0.0-py3.10.egg-info
[0.453s] running install_scripts
[0.466s] Installing puente_ros_camara script to /home/jaime/Documents/puente_ros/install/puente_ros/lib/puente_ros
[0.467s] Installing puente_ros_lidar script to /home/jaime/Documents/puente_ros/install/puente_ros/lib/puente_ros
[0.467s] Installing puente_ros_odom script to /home/jaime/Documents/puente_ros/install/puente_ros/lib/puente_ros
[0.467s] writing list of installed files to '/home/jaime/Documents/puente_ros/build/puente_ros/install.log'
[0.480s] Invoked command in '/home/jaime/Documents/puente_ros' returned '0': PYTHONPATH=/home/jaime/Documents/puente_ros/build/puente_ros/prefix_override:/home/jaime/Documents/puente_ros/install/puente_ros/lib/python3.10/site-packages:${PYTHONPATH} /usr/bin/python3 -W ignore:setup.py install is deprecated setup.py egg_info --egg-base build/puente_ros build --build-base /home/jaime/Documents/puente_ros/build/puente_ros/build install --record /home/jaime/Documents/puente_ros/build/puente_ros/install.log --single-version-externally-managed install_data
