running egg_info
writing build/slam/slam.egg-info/PKG-INFO
writing dependency_links to build/slam/slam.egg-info/dependency_links.txt
writing entry points to build/slam/slam.egg-info/entry_points.txt
writing requirements to build/slam/slam.egg-info/requires.txt
writing top-level names to build/slam/slam.egg-info/top_level.txt
reading manifest file 'build/slam/slam.egg-info/SOURCES.txt'
adding license file 'LICENSE'
writing manifest file 'build/slam/slam.egg-info/SOURCES.txt'
running build
running build_py
copying slam/slam.py -> /home/jaime/Documents/IFS06-DV/Paquetes_Ros2/slam/build/slam/build/lib/slam
running install
running install_lib
copying /home/jaime/Documents/IFS06-DV/Paquetes_Ros2/slam/build/slam/build/lib/slam/slam.py -> /home/jaime/Documents/IFS06-DV/Paquetes_Ros2/slam/install/slam/lib/python3.10/site-packages/slam
byte-compiling /home/jaime/Documents/IFS06-DV/Paquetes_Ros2/slam/install/slam/lib/python3.10/site-packages/slam/slam.py to slam.cpython-310.pyc
running install_data
running install_egg_info
removing '/home/jaime/Documents/IFS06-DV/Paquetes_Ros2/slam/install/slam/lib/python3.10/site-packages/slam-0.0.0-py3.10.egg-info' (and everything under it)
Copying build/slam/slam.egg-info to /home/jaime/Documents/IFS06-DV/Paquetes_Ros2/slam/install/slam/lib/python3.10/site-packages/slam-0.0.0-py3.10.egg-info
running install_scripts
Installing Cone_Detection script to /home/jaime/Documents/IFS06-DV/Paquetes_Ros2/slam/install/slam/lib/slam
Installing Cone_Laser script to /home/jaime/Documents/IFS06-DV/Paquetes_Ros2/slam/install/slam/lib/slam
writing list of installed files to '/home/jaime/Documents/IFS06-DV/Paquetes_Ros2/slam/build/slam/install.log'
