running egg_info
writing build/yolo/yolo.egg-info/PKG-INFO
writing dependency_links to build/yolo/yolo.egg-info/dependency_links.txt
writing entry points to build/yolo/yolo.egg-info/entry_points.txt
writing requirements to build/yolo/yolo.egg-info/requires.txt
writing top-level names to build/yolo/yolo.egg-info/top_level.txt
reading manifest file 'build/yolo/yolo.egg-info/SOURCES.txt'
adding license file 'LICENSE'
writing manifest file 'build/yolo/yolo.egg-info/SOURCES.txt'
running build
running build_py
copying yolo/yolo.py -> /home/jaime/Documents/IFS06-DV/Paquetes_Ros2/yolo/build/yolo/build/lib/yolo
running install
running install_lib
copying /home/jaime/Documents/IFS06-DV/Paquetes_Ros2/yolo/build/yolo/build/lib/yolo/yolo.py -> /home/jaime/Documents/IFS06-DV/Paquetes_Ros2/yolo/install/yolo/lib/python3.10/site-packages/yolo
byte-compiling /home/jaime/Documents/IFS06-DV/Paquetes_Ros2/yolo/install/yolo/lib/python3.10/site-packages/yolo/yolo.py to yolo.cpython-310.pyc
running install_data
running install_egg_info
removing '/home/jaime/Documents/IFS06-DV/Paquetes_Ros2/yolo/install/yolo/lib/python3.10/site-packages/yolo-0.0.0-py3.10.egg-info' (and everything under it)
Copying build/yolo/yolo.egg-info to /home/jaime/Documents/IFS06-DV/Paquetes_Ros2/yolo/install/yolo/lib/python3.10/site-packages/yolo-0.0.0-py3.10.egg-info
running install_scripts
writing list of installed files to '/home/jaime/Documents/IFS06-DV/Paquetes_Ros2/yolo/build/yolo/install.log'
