[0.350s] Invoking command in '/home/jaime/Documents/IFS06-DV/Paquetes_Ros2/yolo': PYTHONPATH=/home/jaime/Documents/IFS06-DV/Paquetes_Ros2/yolo/build/yolo/prefix_override:/home/jaime/Documents/IFS06-DV/Paquetes_Ros2/yolo/install/yolo/lib/python3.10/site-packages:${PYTHONPATH} /usr/bin/python3 -W ignore:setup.py install is deprecated setup.py egg_info --egg-base build/yolo build --build-base /home/jaime/Documents/IFS06-DV/Paquetes_Ros2/yolo/build/yolo/build install --record /home/jaime/Documents/IFS06-DV/Paquetes_Ros2/yolo/build/yolo/install.log --single-version-externally-managed install_data
[0.481s] running egg_info
[0.482s] writing build/yolo/yolo.egg-info/PKG-INFO
[0.482s] writing dependency_links to build/yolo/yolo.egg-info/dependency_links.txt
[0.482s] writing entry points to build/yolo/yolo.egg-info/entry_points.txt
[0.482s] writing requirements to build/yolo/yolo.egg-info/requires.txt
[0.482s] writing top-level names to build/yolo/yolo.egg-info/top_level.txt
[0.483s] reading manifest file 'build/yolo/yolo.egg-info/SOURCES.txt'
[0.491s] adding license file 'LICENSE'
[0.491s] writing manifest file 'build/yolo/yolo.egg-info/SOURCES.txt'
[0.491s] running build
[0.491s] running build_py
[0.491s] copying yolo/yolo.py -> /home/jaime/Documents/IFS06-DV/Paquetes_Ros2/yolo/build/yolo/build/lib/yolo
[0.492s] running install
[0.492s] running install_lib
[0.492s] copying /home/jaime/Documents/IFS06-DV/Paquetes_Ros2/yolo/build/yolo/build/lib/yolo/yolo.py -> /home/jaime/Documents/IFS06-DV/Paquetes_Ros2/yolo/install/yolo/lib/python3.10/site-packages/yolo
[0.492s] byte-compiling /home/jaime/Documents/IFS06-DV/Paquetes_Ros2/yolo/install/yolo/lib/python3.10/site-packages/yolo/yolo.py to yolo.cpython-310.pyc
[0.493s] running install_data
[0.493s] running install_egg_info
[0.494s] removing '/home/jaime/Documents/IFS06-DV/Paquetes_Ros2/yolo/install/yolo/lib/python3.10/site-packages/yolo-0.0.0-py3.10.egg-info' (and everything under it)
[0.494s] Copying build/yolo/yolo.egg-info to /home/jaime/Documents/IFS06-DV/Paquetes_Ros2/yolo/install/yolo/lib/python3.10/site-packages/yolo-0.0.0-py3.10.egg-info
[0.495s] running install_scripts
[0.507s] writing list of installed files to '/home/jaime/Documents/IFS06-DV/Paquetes_Ros2/yolo/build/yolo/install.log'
[0.520s] Invoked command in '/home/jaime/Documents/IFS06-DV/Paquetes_Ros2/yolo' returned '0': PYTHONPATH=/home/jaime/Documents/IFS06-DV/Paquetes_Ros2/yolo/build/yolo/prefix_override:/home/jaime/Documents/IFS06-DV/Paquetes_Ros2/yolo/install/yolo/lib/python3.10/site-packages:${PYTHONPATH} /usr/bin/python3 -W ignore:setup.py install is deprecated setup.py egg_info --egg-base build/yolo build --build-base /home/jaime/Documents/IFS06-DV/Paquetes_Ros2/yolo/build/yolo/build install --record /home/jaime/Documents/IFS06-DV/Paquetes_Ros2/yolo/build/yolo/install.log --single-version-externally-managed install_data
