[1.416s] Invoking command in '/home/jaime/Documents/IFS06-DV/Paquetes_Ros2/puente_ros': PYTHONPATH=/home/jaime/Documents/IFS06-DV/Paquetes_Ros2/puente_ros/build/puente_ros/prefix_override:/home/jaime/Documents/IFS06-DV/Paquetes_Ros2/puente_ros/install/puente_ros/lib/python3.10/site-packages:${PYTHONPATH} /usr/bin/python3 -W ignore:setup.py install is deprecated setup.py egg_info --egg-base build/puente_ros build --build-base /home/jaime/Documents/IFS06-DV/Paquetes_Ros2/puente_ros/build/puente_ros/build install --record /home/jaime/Documents/IFS06-DV/Paquetes_Ros2/puente_ros/build/puente_ros/install.log --single-version-externally-managed install_data
[1.906s] running egg_info
[1.908s] writing build/puente_ros/puente_ros.egg-info/PKG-INFO
[1.908s] writing dependency_links to build/puente_ros/puente_ros.egg-info/dependency_links.txt
[1.909s] writing entry points to build/puente_ros/puente_ros.egg-info/entry_points.txt
[1.909s] writing requirements to build/puente_ros/puente_ros.egg-info/requires.txt
[1.909s] writing top-level names to build/puente_ros/puente_ros.egg-info/top_level.txt
[1.913s] reading manifest file 'build/puente_ros/puente_ros.egg-info/SOURCES.txt'
[1.913s] adding license file 'LICENSE'
[1.915s] writing manifest file 'build/puente_ros/puente_ros.egg-info/SOURCES.txt'
[1.915s] running build
[1.915s] running build_py
[1.916s] copying puente_ros/puente_ros.py -> /home/jaime/Documents/IFS06-DV/Paquetes_Ros2/puente_ros/build/puente_ros/build/lib/puente_ros
[1.917s] running install
[1.917s] running install_lib
[1.919s] copying /home/jaime/Documents/IFS06-DV/Paquetes_Ros2/puente_ros/build/puente_ros/build/lib/puente_ros/puente_ros.py -> /home/jaime/Documents/IFS06-DV/Paquetes_Ros2/puente_ros/install/puente_ros/lib/python3.10/site-packages/puente_ros
[1.921s] byte-compiling /home/jaime/Documents/IFS06-DV/Paquetes_Ros2/puente_ros/install/puente_ros/lib/python3.10/site-packages/puente_ros/puente_ros.py to puente_ros.cpython-310.pyc
[1.925s] running install_data
[1.926s] running install_egg_info
[1.931s] removing '/home/jaime/Documents/IFS06-DV/Paquetes_Ros2/puente_ros/install/puente_ros/lib/python3.10/site-packages/puente_ros-0.0.0-py3.10.egg-info' (and everything under it)
[1.931s] Copying build/puente_ros/puente_ros.egg-info to /home/jaime/Documents/IFS06-DV/Paquetes_Ros2/puente_ros/install/puente_ros/lib/python3.10/site-packages/puente_ros-0.0.0-py3.10.egg-info
[1.933s] running install_scripts
[1.978s] Installing cone script to /home/jaime/Documents/IFS06-DV/Paquetes_Ros2/puente_ros/install/puente_ros/lib/puente_ros
[1.978s] Installing puente_ros_camara script to /home/jaime/Documents/IFS06-DV/Paquetes_Ros2/puente_ros/install/puente_ros/lib/puente_ros
[1.978s] Installing puente_ros_laser script to /home/jaime/Documents/IFS06-DV/Paquetes_Ros2/puente_ros/install/puente_ros/lib/puente_ros
[1.978s] Installing puente_ros_lidar script to /home/jaime/Documents/IFS06-DV/Paquetes_Ros2/puente_ros/install/puente_ros/lib/puente_ros
[1.979s] Installing puente_ros_odom script to /home/jaime/Documents/IFS06-DV/Paquetes_Ros2/puente_ros/install/puente_ros/lib/puente_ros
[1.979s] writing list of installed files to '/home/jaime/Documents/IFS06-DV/Paquetes_Ros2/puente_ros/build/puente_ros/install.log'
[2.028s] Invoked command in '/home/jaime/Documents/IFS06-DV/Paquetes_Ros2/puente_ros' returned '0': PYTHONPATH=/home/jaime/Documents/IFS06-DV/Paquetes_Ros2/puente_ros/build/puente_ros/prefix_override:/home/jaime/Documents/IFS06-DV/Paquetes_Ros2/puente_ros/install/puente_ros/lib/python3.10/site-packages:${PYTHONPATH} /usr/bin/python3 -W ignore:setup.py install is deprecated setup.py egg_info --egg-base build/puente_ros build --build-base /home/jaime/Documents/IFS06-DV/Paquetes_Ros2/puente_ros/build/puente_ros/build install --record /home/jaime/Documents/IFS06-DV/Paquetes_Ros2/puente_ros/build/puente_ros/install.log --single-version-externally-managed install_data
