running egg_info
creating build/yolo/yolo.egg-info
writing build/yolo/yolo.egg-info/PKG-INFO
writing dependency_links to build/yolo/yolo.egg-info/dependency_links.txt
writing entry points to build/yolo/yolo.egg-info/entry_points.txt
writing requirements to build/yolo/yolo.egg-info/requires.txt
writing top-level names to build/yolo/yolo.egg-info/top_level.txt
writing manifest file 'build/yolo/yolo.egg-info/SOURCES.txt'
reading manifest file 'build/yolo/yolo.egg-info/SOURCES.txt'
adding license file 'LICENSE'
writing manifest file 'build/yolo/yolo.egg-info/SOURCES.txt'
running build
running build_py
creating /home/jaime/Documents/IFS06-DV/Paquetes_Ros2/yolo/build/yolo/build
creating /home/jaime/Documents/IFS06-DV/Paquetes_Ros2/yolo/build/yolo/build/lib
creating /home/jaime/Documents/IFS06-DV/Paquetes_Ros2/yolo/build/yolo/build/lib/yolo
copying yolo/__init__.py -> /home/jaime/Documents/IFS06-DV/Paquetes_Ros2/yolo/build/yolo/build/lib/yolo
copying yolo/yolo.py -> /home/jaime/Documents/IFS06-DV/Paquetes_Ros2/yolo/build/yolo/build/lib/yolo
running install
running install_lib
creating /home/jaime/Documents/IFS06-DV/Paquetes_Ros2/yolo/install/yolo/lib/python3.10/site-packages/yolo
copying /home/jaime/Documents/IFS06-DV/Paquetes_Ros2/yolo/build/yolo/build/lib/yolo/__init__.py -> /home/jaime/Documents/IFS06-DV/Paquetes_Ros2/yolo/install/yolo/lib/python3.10/site-packages/yolo
copying /home/jaime/Documents/IFS06-DV/Paquetes_Ros2/yolo/build/yolo/build/lib/yolo/yolo.py -> /home/jaime/Documents/IFS06-DV/Paquetes_Ros2/yolo/install/yolo/lib/python3.10/site-packages/yolo
byte-compiling /home/jaime/Documents/IFS06-DV/Paquetes_Ros2/yolo/install/yolo/lib/python3.10/site-packages/yolo/__init__.py to __init__.cpython-310.pyc
byte-compiling /home/jaime/Documents/IFS06-DV/Paquetes_Ros2/yolo/install/yolo/lib/python3.10/site-packages/yolo/yolo.py to yolo.cpython-310.pyc
running install_data
creating /home/jaime/Documents/IFS06-DV/Paquetes_Ros2/yolo/install/yolo/share/ament_index
creating /home/jaime/Documents/IFS06-DV/Paquetes_Ros2/yolo/install/yolo/share/ament_index/resource_index
creating /home/jaime/Documents/IFS06-DV/Paquetes_Ros2/yolo/install/yolo/share/ament_index/resource_index/packages
copying resource/yolo -> /home/jaime/Documents/IFS06-DV/Paquetes_Ros2/yolo/install/yolo/share/ament_index/resource_index/packages
copying package.xml -> /home/jaime/Documents/IFS06-DV/Paquetes_Ros2/yolo/install/yolo/share/yolo
copying launch/slam.launch.py -> /home/jaime/Documents/IFS06-DV/Paquetes_Ros2/yolo/install/yolo/share/yolo
running install_egg_info
Copying build/yolo/yolo.egg-info to /home/jaime/Documents/IFS06-DV/Paquetes_Ros2/yolo/install/yolo/lib/python3.10/site-packages/yolo-0.0.0-py3.10.egg-info
running install_scripts
writing list of installed files to '/home/jaime/Documents/IFS06-DV/Paquetes_Ros2/yolo/build/yolo/install.log'
