[0.329s] Invoking command in '/home/jaime/Documents/IFS06-DV/Paquetes_Ros2/yolo': PYTHONPATH=/home/jaime/Documents/IFS06-DV/Paquetes_Ros2/yolo/build/yolo/prefix_override:/home/jaime/Documents/IFS06-DV/Paquetes_Ros2/yolo/install/yolo/lib/python3.10/site-packages:${PYTHONPATH} /usr/bin/python3 -W ignore:setup.py install is deprecated setup.py egg_info --egg-base build/yolo build --build-base /home/jaime/Documents/IFS06-DV/Paquetes_Ros2/yolo/build/yolo/build install --record /home/jaime/Documents/IFS06-DV/Paquetes_Ros2/yolo/build/yolo/install.log --single-version-externally-managed install_data
[0.459s] running egg_info
[0.459s] creating build/yolo/yolo.egg-info
[0.459s] writing build/yolo/yolo.egg-info/PKG-INFO
[0.459s] writing dependency_links to build/yolo/yolo.egg-info/dependency_links.txt
[0.459s] writing entry points to build/yolo/yolo.egg-info/entry_points.txt
[0.459s] writing requirements to build/yolo/yolo.egg-info/requires.txt
[0.460s] writing top-level names to build/yolo/yolo.egg-info/top_level.txt
[0.460s] writing manifest file 'build/yolo/yolo.egg-info/SOURCES.txt'
[0.460s] reading manifest file 'build/yolo/yolo.egg-info/SOURCES.txt'
[0.461s] adding license file 'LICENSE'
[0.461s] writing manifest file 'build/yolo/yolo.egg-info/SOURCES.txt'
[0.461s] running build
[0.461s] running build_py
[0.461s] creating /home/jaime/Documents/IFS06-DV/Paquetes_Ros2/yolo/build/yolo/build
[0.461s] creating /home/jaime/Documents/IFS06-DV/Paquetes_Ros2/yolo/build/yolo/build/lib
[0.461s] creating /home/jaime/Documents/IFS06-DV/Paquetes_Ros2/yolo/build/yolo/build/lib/yolo
[0.461s] copying yolo/__init__.py -> /home/jaime/Documents/IFS06-DV/Paquetes_Ros2/yolo/build/yolo/build/lib/yolo
[0.461s] copying yolo/yolo.py -> /home/jaime/Documents/IFS06-DV/Paquetes_Ros2/yolo/build/yolo/build/lib/yolo
[0.461s] running install
[0.461s] running install_lib
[0.462s] creating /home/jaime/Documents/IFS06-DV/Paquetes_Ros2/yolo/install/yolo/lib/python3.10/site-packages/yolo
[0.462s] copying /home/jaime/Documents/IFS06-DV/Paquetes_Ros2/yolo/build/yolo/build/lib/yolo/__init__.py -> /home/jaime/Documents/IFS06-DV/Paquetes_Ros2/yolo/install/yolo/lib/python3.10/site-packages/yolo
[0.462s] copying /home/jaime/Documents/IFS06-DV/Paquetes_Ros2/yolo/build/yolo/build/lib/yolo/yolo.py -> /home/jaime/Documents/IFS06-DV/Paquetes_Ros2/yolo/install/yolo/lib/python3.10/site-packages/yolo
[0.462s] byte-compiling /home/jaime/Documents/IFS06-DV/Paquetes_Ros2/yolo/install/yolo/lib/python3.10/site-packages/yolo/__init__.py to __init__.cpython-310.pyc
[0.462s] byte-compiling /home/jaime/Documents/IFS06-DV/Paquetes_Ros2/yolo/install/yolo/lib/python3.10/site-packages/yolo/yolo.py to yolo.cpython-310.pyc
[0.463s] running install_data
[0.463s] creating /home/jaime/Documents/IFS06-DV/Paquetes_Ros2/yolo/install/yolo/share/ament_index
[0.463s] creating /home/jaime/Documents/IFS06-DV/Paquetes_Ros2/yolo/install/yolo/share/ament_index/resource_index
[0.463s] creating /home/jaime/Documents/IFS06-DV/Paquetes_Ros2/yolo/install/yolo/share/ament_index/resource_index/packages
[0.463s] copying resource/yolo -> /home/jaime/Documents/IFS06-DV/Paquetes_Ros2/yolo/install/yolo/share/ament_index/resource_index/packages
[0.463s] copying package.xml -> /home/jaime/Documents/IFS06-DV/Paquetes_Ros2/yolo/install/yolo/share/yolo
[0.463s] copying launch/slam.launch.py -> /home/jaime/Documents/IFS06-DV/Paquetes_Ros2/yolo/install/yolo/share/yolo
[0.463s] running install_egg_info
[0.465s] Copying build/yolo/yolo.egg-info to /home/jaime/Documents/IFS06-DV/Paquetes_Ros2/yolo/install/yolo/lib/python3.10/site-packages/yolo-0.0.0-py3.10.egg-info
[0.465s] running install_scripts
[0.478s] writing list of installed files to '/home/jaime/Documents/IFS06-DV/Paquetes_Ros2/yolo/build/yolo/install.log'
[0.493s] Invoked command in '/home/jaime/Documents/IFS06-DV/Paquetes_Ros2/yolo' returned '0': PYTHONPATH=/home/jaime/Documents/IFS06-DV/Paquetes_Ros2/yolo/build/yolo/prefix_override:/home/jaime/Documents/IFS06-DV/Paquetes_Ros2/yolo/install/yolo/lib/python3.10/site-packages:${PYTHONPATH} /usr/bin/python3 -W ignore:setup.py install is deprecated setup.py egg_info --egg-base build/yolo build --build-base /home/jaime/Documents/IFS06-DV/Paquetes_Ros2/yolo/build/yolo/build install --record /home/jaime/Documents/IFS06-DV/Paquetes_Ros2/yolo/build/yolo/install.log --single-version-externally-managed install_data
