running egg_info
creating build/slam/slam.egg-info
writing build/slam/slam.egg-info/PKG-INFO
writing dependency_links to build/slam/slam.egg-info/dependency_links.txt
writing entry points to build/slam/slam.egg-info/entry_points.txt
writing requirements to build/slam/slam.egg-info/requires.txt
writing top-level names to build/slam/slam.egg-info/top_level.txt
writing manifest file 'build/slam/slam.egg-info/SOURCES.txt'
reading manifest file 'build/slam/slam.egg-info/SOURCES.txt'
adding license file 'LICENSE'
writing manifest file 'build/slam/slam.egg-info/SOURCES.txt'
running build
running build_py
creating /home/jaime/Documents/IFS06-DV/Paquetes_Ros2/slam/build/slam/build
creating /home/jaime/Documents/IFS06-DV/Paquetes_Ros2/slam/build/slam/build/lib
creating /home/jaime/Documents/IFS06-DV/Paquetes_Ros2/slam/build/slam/build/lib/slam
copying slam/__init__.py -> /home/jaime/Documents/IFS06-DV/Paquetes_Ros2/slam/build/slam/build/lib/slam
running install
running install_lib
creating /home/jaime/Documents/IFS06-DV/Paquetes_Ros2/slam/install/slam/lib/python3.10/site-packages/slam
copying /home/jaime/Documents/IFS06-DV/Paquetes_Ros2/slam/build/slam/build/lib/slam/__init__.py -> /home/jaime/Documents/IFS06-DV/Paquetes_Ros2/slam/install/slam/lib/python3.10/site-packages/slam
byte-compiling /home/jaime/Documents/IFS06-DV/Paquetes_Ros2/slam/install/slam/lib/python3.10/site-packages/slam/__init__.py to __init__.cpython-310.pyc
running install_data
creating /home/jaime/Documents/IFS06-DV/Paquetes_Ros2/slam/install/slam/share/ament_index
creating /home/jaime/Documents/IFS06-DV/Paquetes_Ros2/slam/install/slam/share/ament_index/resource_index
creating /home/jaime/Documents/IFS06-DV/Paquetes_Ros2/slam/install/slam/share/ament_index/resource_index/packages
copying resource/slam -> /home/jaime/Documents/IFS06-DV/Paquetes_Ros2/slam/install/slam/share/ament_index/resource_index/packages
copying package.xml -> /home/jaime/Documents/IFS06-DV/Paquetes_Ros2/slam/install/slam/share/slam
running install_egg_info
Copying build/slam/slam.egg-info to /home/jaime/Documents/IFS06-DV/Paquetes_Ros2/slam/install/slam/lib/python3.10/site-packages/slam-0.0.0-py3.10.egg-info
running install_scripts
writing list of installed files to '/home/jaime/Documents/IFS06-DV/Paquetes_Ros2/slam/build/slam/install.log'
