[0.385s] Invoking command in '/home/jaime/Documents/IFS06-DV/Paquetes_Ros2/slam': PYTHONPATH=/home/jaime/Documents/IFS06-DV/Paquetes_Ros2/slam/build/slam/prefix_override:/home/jaime/Documents/IFS06-DV/Paquetes_Ros2/slam/install/slam/lib/python3.10/site-packages:${PYTHONPATH} /usr/bin/python3 -W ignore:setup.py install is deprecated setup.py egg_info --egg-base build/slam build --build-base /home/jaime/Documents/IFS06-DV/Paquetes_Ros2/slam/build/slam/build install --record /home/jaime/Documents/IFS06-DV/Paquetes_Ros2/slam/build/slam/install.log --single-version-externally-managed install_data
[0.502s] running egg_info
[0.502s] creating build/slam/slam.egg-info
[0.502s] writing build/slam/slam.egg-info/PKG-INFO
[0.503s] writing dependency_links to build/slam/slam.egg-info/dependency_links.txt
[0.503s] writing entry points to build/slam/slam.egg-info/entry_points.txt
[0.503s] writing requirements to build/slam/slam.egg-info/requires.txt
[0.503s] writing top-level names to build/slam/slam.egg-info/top_level.txt
[0.503s] writing manifest file 'build/slam/slam.egg-info/SOURCES.txt'
[0.504s] reading manifest file 'build/slam/slam.egg-info/SOURCES.txt'
[0.504s] adding license file 'LICENSE'
[0.504s] writing manifest file 'build/slam/slam.egg-info/SOURCES.txt'
[0.504s] running build
[0.504s] running build_py
[0.504s] creating /home/jaime/Documents/IFS06-DV/Paquetes_Ros2/slam/build/slam/build
[0.504s] creating /home/jaime/Documents/IFS06-DV/Paquetes_Ros2/slam/build/slam/build/lib
[0.504s] creating /home/jaime/Documents/IFS06-DV/Paquetes_Ros2/slam/build/slam/build/lib/slam
[0.504s] copying slam/__init__.py -> /home/jaime/Documents/IFS06-DV/Paquetes_Ros2/slam/build/slam/build/lib/slam
[0.504s] running install
[0.504s] running install_lib
[0.505s] creating /home/jaime/Documents/IFS06-DV/Paquetes_Ros2/slam/install/slam/lib/python3.10/site-packages/slam
[0.505s] copying /home/jaime/Documents/IFS06-DV/Paquetes_Ros2/slam/build/slam/build/lib/slam/__init__.py -> /home/jaime/Documents/IFS06-DV/Paquetes_Ros2/slam/install/slam/lib/python3.10/site-packages/slam
[0.505s] byte-compiling /home/jaime/Documents/IFS06-DV/Paquetes_Ros2/slam/install/slam/lib/python3.10/site-packages/slam/__init__.py to __init__.cpython-310.pyc
[0.505s] running install_data
[0.505s] creating /home/jaime/Documents/IFS06-DV/Paquetes_Ros2/slam/install/slam/share/ament_index
[0.505s] creating /home/jaime/Documents/IFS06-DV/Paquetes_Ros2/slam/install/slam/share/ament_index/resource_index
[0.505s] creating /home/jaime/Documents/IFS06-DV/Paquetes_Ros2/slam/install/slam/share/ament_index/resource_index/packages
[0.505s] copying resource/slam -> /home/jaime/Documents/IFS06-DV/Paquetes_Ros2/slam/install/slam/share/ament_index/resource_index/packages
[0.505s] copying package.xml -> /home/jaime/Documents/IFS06-DV/Paquetes_Ros2/slam/install/slam/share/slam
[0.505s] running install_egg_info
[0.506s] Copying build/slam/slam.egg-info to /home/jaime/Documents/IFS06-DV/Paquetes_Ros2/slam/install/slam/lib/python3.10/site-packages/slam-0.0.0-py3.10.egg-info
[0.507s] running install_scripts
[0.518s] writing list of installed files to '/home/jaime/Documents/IFS06-DV/Paquetes_Ros2/slam/build/slam/install.log'
[0.530s] Invoked command in '/home/jaime/Documents/IFS06-DV/Paquetes_Ros2/slam' returned '0': PYTHONPATH=/home/jaime/Documents/IFS06-DV/Paquetes_Ros2/slam/build/slam/prefix_override:/home/jaime/Documents/IFS06-DV/Paquetes_Ros2/slam/install/slam/lib/python3.10/site-packages:${PYTHONPATH} /usr/bin/python3 -W ignore:setup.py install is deprecated setup.py egg_info --egg-base build/slam build --build-base /home/jaime/Documents/IFS06-DV/Paquetes_Ros2/slam/build/slam/build install --record /home/jaime/Documents/IFS06-DV/Paquetes_Ros2/slam/build/slam/install.log --single-version-externally-managed install_data
