[1.253s] Invoking command in '/home/jaime/Documents/IFS06-DV/Paquetes_Ros2/slam': PYTHONPATH=/home/jaime/Documents/IFS06-DV/Paquetes_Ros2/slam/build/slam/prefix_override:/home/jaime/Documents/IFS06-DV/Paquetes_Ros2/slam/install/slam/lib/python3.10/site-packages:${PYTHONPATH} /usr/bin/python3 -W ignore:setup.py install is deprecated setup.py egg_info --egg-base build/slam build --build-base /home/jaime/Documents/IFS06-DV/Paquetes_Ros2/slam/build/slam/build install --record /home/jaime/Documents/IFS06-DV/Paquetes_Ros2/slam/build/slam/install.log --single-version-externally-managed install_data
[1.679s] running egg_info
[1.680s] writing build/slam/slam.egg-info/PKG-INFO
[1.681s] writing dependency_links to build/slam/slam.egg-info/dependency_links.txt
[1.681s] writing entry points to build/slam/slam.egg-info/entry_points.txt
[1.681s] writing requirements to build/slam/slam.egg-info/requires.txt
[1.681s] writing top-level names to build/slam/slam.egg-info/top_level.txt
[1.685s] reading manifest file 'build/slam/slam.egg-info/SOURCES.txt'
[1.685s] adding license file 'LICENSE'
[1.687s] writing manifest file 'build/slam/slam.egg-info/SOURCES.txt'
[1.687s] running build
[1.687s] running build_py
[1.687s] copying slam/slam.py -> /home/jaime/Documents/IFS06-DV/Paquetes_Ros2/slam/build/slam/build/lib/slam
[1.688s] running install
[1.688s] running install_lib
[1.690s] copying /home/jaime/Documents/IFS06-DV/Paquetes_Ros2/slam/build/slam/build/lib/slam/slam.py -> /home/jaime/Documents/IFS06-DV/Paquetes_Ros2/slam/install/slam/lib/python3.10/site-packages/slam
[1.691s] byte-compiling /home/jaime/Documents/IFS06-DV/Paquetes_Ros2/slam/install/slam/lib/python3.10/site-packages/slam/slam.py to slam.cpython-310.pyc
[1.693s] running install_data
[1.693s] running install_egg_info
[1.698s] removing '/home/jaime/Documents/IFS06-DV/Paquetes_Ros2/slam/install/slam/lib/python3.10/site-packages/slam-0.0.0-py3.10.egg-info' (and everything under it)
[1.699s] Copying build/slam/slam.egg-info to /home/jaime/Documents/IFS06-DV/Paquetes_Ros2/slam/install/slam/lib/python3.10/site-packages/slam-0.0.0-py3.10.egg-info
[1.700s] running install_scripts
[1.738s] Installing Cone_Detection script to /home/jaime/Documents/IFS06-DV/Paquetes_Ros2/slam/install/slam/lib/slam
[1.739s] writing list of installed files to '/home/jaime/Documents/IFS06-DV/Paquetes_Ros2/slam/build/slam/install.log'
[1.781s] Invoked command in '/home/jaime/Documents/IFS06-DV/Paquetes_Ros2/slam' returned '0': PYTHONPATH=/home/jaime/Documents/IFS06-DV/Paquetes_Ros2/slam/build/slam/prefix_override:/home/jaime/Documents/IFS06-DV/Paquetes_Ros2/slam/install/slam/lib/python3.10/site-packages:${PYTHONPATH} /usr/bin/python3 -W ignore:setup.py install is deprecated setup.py egg_info --egg-base build/slam build --build-base /home/jaime/Documents/IFS06-DV/Paquetes_Ros2/slam/build/slam/build install --record /home/jaime/Documents/IFS06-DV/Paquetes_Ros2/slam/build/slam/install.log --single-version-externally-managed install_data
