[0.317s] Invoking command in '/home/jaime/Documents/puente_ros': PYTHONPATH=/home/jaime/Documents/puente_ros/build/puente_ros/prefix_override:/home/jaime/Documents/puente_ros/install/puente_ros/lib/python3.10/site-packages:${PYTHONPATH} /usr/bin/python3 -W ignore:setup.py install is deprecated setup.py egg_info --egg-base build/puente_ros build --build-base /home/jaime/Documents/puente_ros/build/puente_ros/build install --record /home/jaime/Documents/puente_ros/build/puente_ros/install.log --single-version-externally-managed install_data
[0.442s] running egg_info
[0.442s] writing build/puente_ros/puente_ros.egg-info/PKG-INFO
[0.442s] writing dependency_links to build/puente_ros/puente_ros.egg-info/dependency_links.txt
[0.443s] writing entry points to build/puente_ros/puente_ros.egg-info/entry_points.txt
[0.443s] writing requirements to build/puente_ros/puente_ros.egg-info/requires.txt
[0.443s] writing top-level names to build/puente_ros/puente_ros.egg-info/top_level.txt
[0.444s] reading manifest file 'build/puente_ros/puente_ros.egg-info/SOURCES.txt'
[0.444s] adding license file 'LICENSE'
[0.444s] writing manifest file 'build/puente_ros/puente_ros.egg-info/SOURCES.txt'
[0.444s] running build
[0.444s] running build_py
[0.445s] running install
[0.445s] running install_lib
[0.446s] running install_data
[0.446s] running install_egg_info
[0.447s] removing '/home/jaime/Documents/puente_ros/install/puente_ros/lib/python3.10/site-packages/puente_ros-0.0.0-py3.10.egg-info' (and everything under it)
[0.447s] Copying build/puente_ros/puente_ros.egg-info to /home/jaime/Documents/puente_ros/install/puente_ros/lib/python3.10/site-packages/puente_ros-0.0.0-py3.10.egg-info
[0.447s] running install_scripts
[0.460s] Installing puente_ros_camara script to /home/jaime/Documents/puente_ros/install/puente_ros/lib/puente_ros
[0.461s] Installing puente_ros_lidar script to /home/jaime/Documents/puente_ros/install/puente_ros/lib/puente_ros
[0.461s] Installing puente_ros_odom script to /home/jaime/Documents/puente_ros/install/puente_ros/lib/puente_ros
[0.461s] writing list of installed files to '/home/jaime/Documents/puente_ros/build/puente_ros/install.log'
[0.475s] Invoked command in '/home/jaime/Documents/puente_ros' returned '0': PYTHONPATH=/home/jaime/Documents/puente_ros/build/puente_ros/prefix_override:/home/jaime/Documents/puente_ros/install/puente_ros/lib/python3.10/site-packages:${PYTHONPATH} /usr/bin/python3 -W ignore:setup.py install is deprecated setup.py egg_info --egg-base build/puente_ros build --build-base /home/jaime/Documents/puente_ros/build/puente_ros/build install --record /home/jaime/Documents/puente_ros/build/puente_ros/install.log --single-version-externally-managed install_data
