[1.489s] Invoking command in '/home/jaime/Documents/IFS06-DV/Paquetes_Ros2/slam': PYTHONPATH=/home/jaime/Documents/IFS06-DV/Paquetes_Ros2/slam/build/slam/prefix_override:/home/jaime/Documents/IFS06-DV/Paquetes_Ros2/slam/install/slam/lib/python3.10/site-packages:${PYTHONPATH} /usr/bin/python3 -W ignore:setup.py install is deprecated setup.py egg_info --egg-base build/slam build --build-base /home/jaime/Documents/IFS06-DV/Paquetes_Ros2/slam/build/slam/build install --record /home/jaime/Documents/IFS06-DV/Paquetes_Ros2/slam/build/slam/install.log --single-version-externally-managed install_data
[2.042s] running egg_info
[2.044s] writing build/slam/slam.egg-info/PKG-INFO
[2.045s] writing dependency_links to build/slam/slam.egg-info/dependency_links.txt
[2.045s] writing entry points to build/slam/slam.egg-info/entry_points.txt
[2.045s] writing requirements to build/slam/slam.egg-info/requires.txt
[2.046s] writing top-level names to build/slam/slam.egg-info/top_level.txt
[2.050s] reading manifest file 'build/slam/slam.egg-info/SOURCES.txt'
[2.050s] adding license file 'LICENSE'
[2.052s] writing manifest file 'build/slam/slam.egg-info/SOURCES.txt'
[2.053s] running build
[2.053s] running build_py
[2.053s] copying slam/slam.py -> /home/jaime/Documents/IFS06-DV/Paquetes_Ros2/slam/build/slam/build/lib/slam
[2.054s] running install
[2.055s] running install_lib
[2.057s] copying /home/jaime/Documents/IFS06-DV/Paquetes_Ros2/slam/build/slam/build/lib/slam/slam.py -> /home/jaime/Documents/IFS06-DV/Paquetes_Ros2/slam/install/slam/lib/python3.10/site-packages/slam
[2.058s] byte-compiling /home/jaime/Documents/IFS06-DV/Paquetes_Ros2/slam/install/slam/lib/python3.10/site-packages/slam/slam.py to slam.cpython-310.pyc
[2.063s] running install_data
[2.063s] running install_egg_info
[2.069s] removing '/home/jaime/Documents/IFS06-DV/Paquetes_Ros2/slam/install/slam/lib/python3.10/site-packages/slam-0.0.0-py3.10.egg-info' (and everything under it)
[2.070s] Copying build/slam/slam.egg-info to /home/jaime/Documents/IFS06-DV/Paquetes_Ros2/slam/install/slam/lib/python3.10/site-packages/slam-0.0.0-py3.10.egg-info
[2.071s] running install_scripts
[2.122s] Installing Cone_Detection script to /home/jaime/Documents/IFS06-DV/Paquetes_Ros2/slam/install/slam/lib/slam
[2.122s] Installing Cone_Laser script to /home/jaime/Documents/IFS06-DV/Paquetes_Ros2/slam/install/slam/lib/slam
[2.122s] Installing Publicar_Mapa script to /home/jaime/Documents/IFS06-DV/Paquetes_Ros2/slam/install/slam/lib/slam
[2.123s] writing list of installed files to '/home/jaime/Documents/IFS06-DV/Paquetes_Ros2/slam/build/slam/install.log'
[2.177s] Invoked command in '/home/jaime/Documents/IFS06-DV/Paquetes_Ros2/slam' returned '0': PYTHONPATH=/home/jaime/Documents/IFS06-DV/Paquetes_Ros2/slam/build/slam/prefix_override:/home/jaime/Documents/IFS06-DV/Paquetes_Ros2/slam/install/slam/lib/python3.10/site-packages:${PYTHONPATH} /usr/bin/python3 -W ignore:setup.py install is deprecated setup.py egg_info --egg-base build/slam build --build-base /home/jaime/Documents/IFS06-DV/Paquetes_Ros2/slam/build/slam/build install --record /home/jaime/Documents/IFS06-DV/Paquetes_Ros2/slam/build/slam/install.log --single-version-externally-managed install_data
