[1.612s] Invoking command in '/home/jaime/Documents/IFS06-DV/Paquetes_Ros2/slam': PYTHONPATH=/home/jaime/Documents/IFS06-DV/Paquetes_Ros2/slam/build/slam/prefix_override:/home/jaime/Documents/IFS06-DV/Paquetes_Ros2/slam/install/slam/lib/python3.10/site-packages:${PYTHONPATH} /usr/bin/python3 -W ignore:setup.py install is deprecated setup.py egg_info --egg-base build/slam build --build-base /home/jaime/Documents/IFS06-DV/Paquetes_Ros2/slam/build/slam/build install --record /home/jaime/Documents/IFS06-DV/Paquetes_Ros2/slam/build/slam/install.log --single-version-externally-managed install_data
[2.176s] running egg_info
[2.177s] writing build/slam/slam.egg-info/PKG-INFO
[2.178s] writing dependency_links to build/slam/slam.egg-info/dependency_links.txt
[2.178s] writing entry points to build/slam/slam.egg-info/entry_points.txt
[2.178s] writing requirements to build/slam/slam.egg-info/requires.txt
[2.178s] writing top-level names to build/slam/slam.egg-info/top_level.txt
[2.183s] reading manifest file 'build/slam/slam.egg-info/SOURCES.txt'
[2.183s] adding license file 'LICENSE'
[2.185s] writing manifest file 'build/slam/slam.egg-info/SOURCES.txt'
[2.185s] running build
[2.186s] running build_py
[2.186s] running install
[2.187s] running install_lib
[2.190s] running install_data
[2.191s] running install_egg_info
[2.197s] removing '/home/jaime/Documents/IFS06-DV/Paquetes_Ros2/slam/install/slam/lib/python3.10/site-packages/slam-0.0.0-py3.10.egg-info' (and everything under it)
[2.197s] Copying build/slam/slam.egg-info to /home/jaime/Documents/IFS06-DV/Paquetes_Ros2/slam/install/slam/lib/python3.10/site-packages/slam-0.0.0-py3.10.egg-info
[2.198s] running install_scripts
[2.249s] Installing Cone_Detection = slam.slam:cone_detectionCone_Laser script to /home/jaime/Documents/IFS06-DV/Paquetes_Ros2/slam/install/slam/lib/slam
[2.250s] writing list of installed files to '/home/jaime/Documents/IFS06-DV/Paquetes_Ros2/slam/build/slam/install.log'
[2.308s] Invoked command in '/home/jaime/Documents/IFS06-DV/Paquetes_Ros2/slam' returned '0': PYTHONPATH=/home/jaime/Documents/IFS06-DV/Paquetes_Ros2/slam/build/slam/prefix_override:/home/jaime/Documents/IFS06-DV/Paquetes_Ros2/slam/install/slam/lib/python3.10/site-packages:${PYTHONPATH} /usr/bin/python3 -W ignore:setup.py install is deprecated setup.py egg_info --egg-base build/slam build --build-base /home/jaime/Documents/IFS06-DV/Paquetes_Ros2/slam/build/slam/build install --record /home/jaime/Documents/IFS06-DV/Paquetes_Ros2/slam/build/slam/install.log --single-version-externally-managed install_data
