[0.172s] DEBUG:colcon:Command line arguments: ['/usr/bin/colcon', 'build']
[0.172s] DEBUG:colcon:Parsed command line arguments: Namespace(log_base=None, log_level=None, verb_name='build', build_base='build', install_base='install', merge_install=False, symlink_install=False, test_result_base=None, continue_on_error=False, executor='parallel', parallel_workers=20, event_handlers=None, ignore_user_meta=False, metas=['./colcon.meta'], base_paths=['.'], packages_ignore=None, packages_ignore_regex=None, paths=None, packages_up_to=None, packages_up_to_regex=None, packages_above=None, packages_above_and_dependencies=None, packages_above_depth=None, packages_select_by_dep=None, packages_skip_by_dep=None, packages_skip_up_to=None, packages_select_build_failed=False, packages_skip_build_finished=False, packages_select_test_failures=False, packages_skip_test_passed=False, packages_select=None, packages_skip=None, packages_select_regex=None, packages_skip_regex=None, packages_start=None, packages_end=None, allow_overriding=[], cmake_args=None, cmake_target=None, cmake_target_skip_unavailable=False, cmake_clean_cache=False, cmake_clean_first=False, cmake_force_configure=False, ament_cmake_args=None, catkin_cmake_args=None, catkin_skip_building_tests=False, mixin_files=None, mixin=None, verb_parser=<colcon_mixin.mixin.mixin_argument.MixinArgumentDecorator object at 0x751bc1832c20>, verb_extension=<colcon_core.verb.build.BuildVerb object at 0x751bc1831f00>, main=<bound method BuildVerb.main of <colcon_core.verb.build.BuildVerb object at 0x751bc1831f00>>, mixin_verb=('build',))
[0.431s] Level 1:colcon.colcon_core.package_discovery:discover_packages(colcon_meta) check parameters
[0.432s] Level 1:colcon.colcon_core.package_discovery:discover_packages(recursive) check parameters
[0.432s] Level 1:colcon.colcon_core.package_discovery:discover_packages(ignore) check parameters
[0.432s] Level 1:colcon.colcon_core.package_discovery:discover_packages(path) check parameters
[0.432s] Level 1:colcon.colcon_core.package_discovery:discover_packages(colcon_meta) discover
[0.432s] Level 1:colcon.colcon_core.package_discovery:discover_packages(recursive) discover
[0.432s] INFO:colcon.colcon_core.package_discovery:Crawling recursively for packages in '/home/jaime/Documents/IFS06-DV/Paquetes_Ros2/puente_ros/pointcloud_to_laserscan'
[0.432s] Level 1:colcon.colcon_core.package_identification:_identify(.) by extensions ['ignore', 'ignore_ament_install']
[0.433s] Level 1:colcon.colcon_core.package_identification:_identify(.) by extension 'ignore'
[0.433s] Level 1:colcon.colcon_core.package_identification:_identify(.) by extension 'ignore_ament_install'
[0.433s] Level 1:colcon.colcon_core.package_identification:_identify(.) by extensions ['colcon_pkg']
[0.433s] Level 1:colcon.colcon_core.package_identification:_identify(.) by extension 'colcon_pkg'
[0.433s] Level 1:colcon.colcon_core.package_identification:_identify(.) by extensions ['colcon_meta']
[0.433s] Level 1:colcon.colcon_core.package_identification:_identify(.) by extension 'colcon_meta'
[0.433s] Level 1:colcon.colcon_core.package_identification:_identify(.) by extensions ['ros']
[0.433s] Level 1:colcon.colcon_core.package_identification:_identify(.) by extension 'ros'
[0.457s] DEBUG:colcon.colcon_core.package_identification:Package '.' with type 'ros.ament_cmake' and name 'pointcloud_to_laserscan'
[0.457s] Level 1:colcon.colcon_core.package_discovery:discover_packages(recursive) using defaults
[0.457s] Level 1:colcon.colcon_core.package_discovery:discover_packages(ignore) discover
[0.457s] Level 1:colcon.colcon_core.package_discovery:discover_packages(ignore) using defaults
[0.457s] Level 1:colcon.colcon_core.package_discovery:discover_packages(path) discover
[0.457s] Level 1:colcon.colcon_core.package_discovery:discover_packages(path) using defaults
[0.507s] Level 1:colcon.colcon_core.package_discovery:discover_packages(prefix_path) check parameters
[0.507s] Level 1:colcon.colcon_core.package_discovery:discover_packages(prefix_path) discover
[0.509s] DEBUG:colcon.colcon_installed_package_information.package_discovery:Found 1 installed packages in /home/jaime/Documents/IFS06-DV/Paquetes_Ros2/puente_ros/install
[0.511s] DEBUG:colcon.colcon_installed_package_information.package_discovery:Found 385 installed packages in /opt/ros/humble
[0.514s] Level 1:colcon.colcon_core.package_discovery:discover_packages(prefix_path) using defaults
[0.587s] Level 5:colcon.colcon_core.verb:set package 'pointcloud_to_laserscan' build argument 'cmake_args' from command line to 'None'
[0.587s] Level 5:colcon.colcon_core.verb:set package 'pointcloud_to_laserscan' build argument 'cmake_target' from command line to 'None'
[0.587s] Level 5:colcon.colcon_core.verb:set package 'pointcloud_to_laserscan' build argument 'cmake_target_skip_unavailable' from command line to 'False'
[0.587s] Level 5:colcon.colcon_core.verb:set package 'pointcloud_to_laserscan' build argument 'cmake_clean_cache' from command line to 'False'
[0.587s] Level 5:colcon.colcon_core.verb:set package 'pointcloud_to_laserscan' build argument 'cmake_clean_first' from command line to 'False'
[0.587s] Level 5:colcon.colcon_core.verb:set package 'pointcloud_to_laserscan' build argument 'cmake_force_configure' from command line to 'False'
[0.587s] Level 5:colcon.colcon_core.verb:set package 'pointcloud_to_laserscan' build argument 'ament_cmake_args' from command line to 'None'
[0.587s] Level 5:colcon.colcon_core.verb:set package 'pointcloud_to_laserscan' build argument 'catkin_cmake_args' from command line to 'None'
[0.587s] Level 5:colcon.colcon_core.verb:set package 'pointcloud_to_laserscan' build argument 'catkin_skip_building_tests' from command line to 'False'
[0.587s] DEBUG:colcon.colcon_core.verb:Building package 'pointcloud_to_laserscan' with the following arguments: {'ament_cmake_args': None, 'build_base': '/home/jaime/Documents/IFS06-DV/Paquetes_Ros2/puente_ros/pointcloud_to_laserscan/build/pointcloud_to_laserscan', 'catkin_cmake_args': None, 'catkin_skip_building_tests': False, 'cmake_args': None, 'cmake_clean_cache': False, 'cmake_clean_first': False, 'cmake_force_configure': False, 'cmake_target': None, 'cmake_target_skip_unavailable': False, 'install_base': '/home/jaime/Documents/IFS06-DV/Paquetes_Ros2/puente_ros/pointcloud_to_laserscan/install/pointcloud_to_laserscan', 'merge_install': False, 'path': '/home/jaime/Documents/IFS06-DV/Paquetes_Ros2/puente_ros/pointcloud_to_laserscan', 'symlink_install': False, 'test_result_base': None}
[0.587s] INFO:colcon.colcon_core.executor:Executing jobs using 'parallel' executor
[0.589s] DEBUG:colcon.colcon_parallel_executor.executor.parallel:run_until_complete
[0.590s] INFO:colcon.colcon_ros.task.ament_cmake.build:Building ROS package in '/home/jaime/Documents/IFS06-DV/Paquetes_Ros2/puente_ros/pointcloud_to_laserscan' with build type 'ament_cmake'
[0.590s] INFO:colcon.colcon_cmake.task.cmake.build:Building CMake package in '/home/jaime/Documents/IFS06-DV/Paquetes_Ros2/puente_ros/pointcloud_to_laserscan'
[0.594s] INFO:colcon.colcon_core.plugin_system:Skipping extension 'colcon_core.shell.bat': Not used on non-Windows systems
[0.594s] INFO:colcon.colcon_core.shell:Skip shell extension 'powershell' for command environment: Not usable outside of PowerShell
[0.594s] DEBUG:colcon.colcon_core.shell:Skip shell extension 'dsv' for command environment
[0.611s] DEBUG:colcon.colcon_core.event_handler.log_command:Invoking command in '/home/jaime/Documents/IFS06-DV/Paquetes_Ros2/puente_ros/pointcloud_to_laserscan/build/pointcloud_to_laserscan': CMAKE_PREFIX_PATH=/home/jaime/Documents/IFS06-DV/Paquetes_Ros2/puente_ros/install/puente_ros:/opt/ros/humble /usr/bin/cmake --build /home/jaime/Documents/IFS06-DV/Paquetes_Ros2/puente_ros/pointcloud_to_laserscan/build/pointcloud_to_laserscan -- -j20 -l20
[20.795s] DEBUG:colcon.colcon_core.event_handler.log_command:Invoked command in '/home/jaime/Documents/IFS06-DV/Paquetes_Ros2/puente_ros/pointcloud_to_laserscan/build/pointcloud_to_laserscan' returned '0': CMAKE_PREFIX_PATH=/home/jaime/Documents/IFS06-DV/Paquetes_Ros2/puente_ros/install/puente_ros:/opt/ros/humble /usr/bin/cmake --build /home/jaime/Documents/IFS06-DV/Paquetes_Ros2/puente_ros/pointcloud_to_laserscan/build/pointcloud_to_laserscan -- -j20 -l20
[20.893s] DEBUG:colcon.colcon_core.event_handler.log_command:Invoking command in '/home/jaime/Documents/IFS06-DV/Paquetes_Ros2/puente_ros/pointcloud_to_laserscan/build/pointcloud_to_laserscan': CMAKE_PREFIX_PATH=/home/jaime/Documents/IFS06-DV/Paquetes_Ros2/puente_ros/install/puente_ros:/opt/ros/humble /usr/bin/cmake --install /home/jaime/Documents/IFS06-DV/Paquetes_Ros2/puente_ros/pointcloud_to_laserscan/build/pointcloud_to_laserscan
[20.933s] Level 1:colcon.colcon_core.environment:create_environment_scripts_only(pointcloud_to_laserscan)
[20.937s] DEBUG:colcon.colcon_core.event_handler.log_command:Invoked command in '/home/jaime/Documents/IFS06-DV/Paquetes_Ros2/puente_ros/pointcloud_to_laserscan/build/pointcloud_to_laserscan' returned '0': CMAKE_PREFIX_PATH=/home/jaime/Documents/IFS06-DV/Paquetes_Ros2/puente_ros/install/puente_ros:/opt/ros/humble /usr/bin/cmake --install /home/jaime/Documents/IFS06-DV/Paquetes_Ros2/puente_ros/pointcloud_to_laserscan/build/pointcloud_to_laserscan
[20.941s] Level 1:colcon.colcon_core.environment:checking '/home/jaime/Documents/IFS06-DV/Paquetes_Ros2/puente_ros/pointcloud_to_laserscan/install/pointcloud_to_laserscan' for CMake module files
[20.943s] Level 1:colcon.colcon_core.environment:checking '/home/jaime/Documents/IFS06-DV/Paquetes_Ros2/puente_ros/pointcloud_to_laserscan/install/pointcloud_to_laserscan' for CMake config files
[20.944s] Level 1:colcon.colcon_core.shell:create_environment_hook('pointcloud_to_laserscan', 'cmake_prefix_path')
[20.944s] INFO:colcon.colcon_core.shell:Creating environment hook '/home/jaime/Documents/IFS06-DV/Paquetes_Ros2/puente_ros/pointcloud_to_laserscan/install/pointcloud_to_laserscan/share/pointcloud_to_laserscan/hook/cmake_prefix_path.ps1'
[20.946s] INFO:colcon.colcon_core.shell:Creating environment descriptor '/home/jaime/Documents/IFS06-DV/Paquetes_Ros2/puente_ros/pointcloud_to_laserscan/install/pointcloud_to_laserscan/share/pointcloud_to_laserscan/hook/cmake_prefix_path.dsv'
[20.947s] INFO:colcon.colcon_core.shell:Creating environment hook '/home/jaime/Documents/IFS06-DV/Paquetes_Ros2/puente_ros/pointcloud_to_laserscan/install/pointcloud_to_laserscan/share/pointcloud_to_laserscan/hook/cmake_prefix_path.sh'
[20.948s] Level 1:colcon.colcon_core.environment:checking '/home/jaime/Documents/IFS06-DV/Paquetes_Ros2/puente_ros/pointcloud_to_laserscan/install/pointcloud_to_laserscan/lib'
[20.949s] Level 1:colcon.colcon_core.shell:create_environment_hook('pointcloud_to_laserscan', 'ld_library_path_lib')
[20.949s] INFO:colcon.colcon_core.shell:Creating environment hook '/home/jaime/Documents/IFS06-DV/Paquetes_Ros2/puente_ros/pointcloud_to_laserscan/install/pointcloud_to_laserscan/share/pointcloud_to_laserscan/hook/ld_library_path_lib.ps1'
[20.950s] INFO:colcon.colcon_core.shell:Creating environment descriptor '/home/jaime/Documents/IFS06-DV/Paquetes_Ros2/puente_ros/pointcloud_to_laserscan/install/pointcloud_to_laserscan/share/pointcloud_to_laserscan/hook/ld_library_path_lib.dsv'
[20.951s] INFO:colcon.colcon_core.shell:Creating environment hook '/home/jaime/Documents/IFS06-DV/Paquetes_Ros2/puente_ros/pointcloud_to_laserscan/install/pointcloud_to_laserscan/share/pointcloud_to_laserscan/hook/ld_library_path_lib.sh'
[20.951s] Level 1:colcon.colcon_core.environment:checking '/home/jaime/Documents/IFS06-DV/Paquetes_Ros2/puente_ros/pointcloud_to_laserscan/install/pointcloud_to_laserscan/bin'
[20.952s] Level 1:colcon.colcon_core.environment:checking '/home/jaime/Documents/IFS06-DV/Paquetes_Ros2/puente_ros/pointcloud_to_laserscan/install/pointcloud_to_laserscan/lib/pkgconfig/pointcloud_to_laserscan.pc'
[20.952s] Level 1:colcon.colcon_core.environment:checking '/home/jaime/Documents/IFS06-DV/Paquetes_Ros2/puente_ros/pointcloud_to_laserscan/install/pointcloud_to_laserscan/lib/python3.10/site-packages'
[20.953s] Level 1:colcon.colcon_core.environment:checking '/home/jaime/Documents/IFS06-DV/Paquetes_Ros2/puente_ros/pointcloud_to_laserscan/install/pointcloud_to_laserscan/bin'
[20.953s] INFO:colcon.colcon_core.shell:Creating package script '/home/jaime/Documents/IFS06-DV/Paquetes_Ros2/puente_ros/pointcloud_to_laserscan/install/pointcloud_to_laserscan/share/pointcloud_to_laserscan/package.ps1'
[20.955s] INFO:colcon.colcon_core.shell:Creating package descriptor '/home/jaime/Documents/IFS06-DV/Paquetes_Ros2/puente_ros/pointcloud_to_laserscan/install/pointcloud_to_laserscan/share/pointcloud_to_laserscan/package.dsv'
[20.956s] INFO:colcon.colcon_core.shell:Creating package script '/home/jaime/Documents/IFS06-DV/Paquetes_Ros2/puente_ros/pointcloud_to_laserscan/install/pointcloud_to_laserscan/share/pointcloud_to_laserscan/package.sh'
[20.958s] INFO:colcon.colcon_core.shell:Creating package script '/home/jaime/Documents/IFS06-DV/Paquetes_Ros2/puente_ros/pointcloud_to_laserscan/install/pointcloud_to_laserscan/share/pointcloud_to_laserscan/package.bash'
[20.959s] INFO:colcon.colcon_core.shell:Creating package script '/home/jaime/Documents/IFS06-DV/Paquetes_Ros2/puente_ros/pointcloud_to_laserscan/install/pointcloud_to_laserscan/share/pointcloud_to_laserscan/package.zsh'
[20.960s] Level 1:colcon.colcon_core.environment:create_file_with_runtime_dependencies(/home/jaime/Documents/IFS06-DV/Paquetes_Ros2/puente_ros/pointcloud_to_laserscan/install/pointcloud_to_laserscan/share/colcon-core/packages/pointcloud_to_laserscan)
[21.033s] Level 1:colcon.colcon_core.environment:create_environment_scripts_only(pointcloud_to_laserscan)
[21.034s] Level 1:colcon.colcon_core.environment:checking '/home/jaime/Documents/IFS06-DV/Paquetes_Ros2/puente_ros/pointcloud_to_laserscan/install/pointcloud_to_laserscan' for CMake module files
[21.035s] Level 1:colcon.colcon_core.environment:checking '/home/jaime/Documents/IFS06-DV/Paquetes_Ros2/puente_ros/pointcloud_to_laserscan/install/pointcloud_to_laserscan' for CMake config files
[21.036s] Level 1:colcon.colcon_core.shell:create_environment_hook('pointcloud_to_laserscan', 'cmake_prefix_path')
[21.036s] INFO:colcon.colcon_core.shell:Creating environment hook '/home/jaime/Documents/IFS06-DV/Paquetes_Ros2/puente_ros/pointcloud_to_laserscan/install/pointcloud_to_laserscan/share/pointcloud_to_laserscan/hook/cmake_prefix_path.ps1'
[21.037s] INFO:colcon.colcon_core.shell:Creating environment descriptor '/home/jaime/Documents/IFS06-DV/Paquetes_Ros2/puente_ros/pointcloud_to_laserscan/install/pointcloud_to_laserscan/share/pointcloud_to_laserscan/hook/cmake_prefix_path.dsv'
[21.037s] INFO:colcon.colcon_core.shell:Creating environment hook '/home/jaime/Documents/IFS06-DV/Paquetes_Ros2/puente_ros/pointcloud_to_laserscan/install/pointcloud_to_laserscan/share/pointcloud_to_laserscan/hook/cmake_prefix_path.sh'
[21.038s] Level 1:colcon.colcon_core.environment:checking '/home/jaime/Documents/IFS06-DV/Paquetes_Ros2/puente_ros/pointcloud_to_laserscan/install/pointcloud_to_laserscan/lib'
[21.039s] Level 1:colcon.colcon_core.shell:create_environment_hook('pointcloud_to_laserscan', 'ld_library_path_lib')
[21.039s] INFO:colcon.colcon_core.shell:Creating environment hook '/home/jaime/Documents/IFS06-DV/Paquetes_Ros2/puente_ros/pointcloud_to_laserscan/install/pointcloud_to_laserscan/share/pointcloud_to_laserscan/hook/ld_library_path_lib.ps1'
[21.040s] INFO:colcon.colcon_core.shell:Creating environment descriptor '/home/jaime/Documents/IFS06-DV/Paquetes_Ros2/puente_ros/pointcloud_to_laserscan/install/pointcloud_to_laserscan/share/pointcloud_to_laserscan/hook/ld_library_path_lib.dsv'
[21.040s] INFO:colcon.colcon_core.shell:Creating environment hook '/home/jaime/Documents/IFS06-DV/Paquetes_Ros2/puente_ros/pointcloud_to_laserscan/install/pointcloud_to_laserscan/share/pointcloud_to_laserscan/hook/ld_library_path_lib.sh'
[21.041s] Level 1:colcon.colcon_core.environment:checking '/home/jaime/Documents/IFS06-DV/Paquetes_Ros2/puente_ros/pointcloud_to_laserscan/install/pointcloud_to_laserscan/bin'
[21.041s] Level 1:colcon.colcon_core.environment:checking '/home/jaime/Documents/IFS06-DV/Paquetes_Ros2/puente_ros/pointcloud_to_laserscan/install/pointcloud_to_laserscan/lib/pkgconfig/pointcloud_to_laserscan.pc'
[21.042s] Level 1:colcon.colcon_core.environment:checking '/home/jaime/Documents/IFS06-DV/Paquetes_Ros2/puente_ros/pointcloud_to_laserscan/install/pointcloud_to_laserscan/lib/python3.10/site-packages'
[21.042s] Level 1:colcon.colcon_core.environment:checking '/home/jaime/Documents/IFS06-DV/Paquetes_Ros2/puente_ros/pointcloud_to_laserscan/install/pointcloud_to_laserscan/bin'
[21.043s] INFO:colcon.colcon_core.shell:Creating package script '/home/jaime/Documents/IFS06-DV/Paquetes_Ros2/puente_ros/pointcloud_to_laserscan/install/pointcloud_to_laserscan/share/pointcloud_to_laserscan/package.ps1'
[21.044s] INFO:colcon.colcon_core.shell:Creating package descriptor '/home/jaime/Documents/IFS06-DV/Paquetes_Ros2/puente_ros/pointcloud_to_laserscan/install/pointcloud_to_laserscan/share/pointcloud_to_laserscan/package.dsv'
[21.045s] INFO:colcon.colcon_core.shell:Creating package script '/home/jaime/Documents/IFS06-DV/Paquetes_Ros2/puente_ros/pointcloud_to_laserscan/install/pointcloud_to_laserscan/share/pointcloud_to_laserscan/package.sh'
[21.046s] INFO:colcon.colcon_core.shell:Creating package script '/home/jaime/Documents/IFS06-DV/Paquetes_Ros2/puente_ros/pointcloud_to_laserscan/install/pointcloud_to_laserscan/share/pointcloud_to_laserscan/package.bash'
[21.047s] INFO:colcon.colcon_core.shell:Creating package script '/home/jaime/Documents/IFS06-DV/Paquetes_Ros2/puente_ros/pointcloud_to_laserscan/install/pointcloud_to_laserscan/share/pointcloud_to_laserscan/package.zsh'
[21.047s] Level 1:colcon.colcon_core.environment:create_file_with_runtime_dependencies(/home/jaime/Documents/IFS06-DV/Paquetes_Ros2/puente_ros/pointcloud_to_laserscan/install/pointcloud_to_laserscan/share/colcon-core/packages/pointcloud_to_laserscan)
[21.048s] DEBUG:colcon.colcon_parallel_executor.executor.parallel:closing loop
[21.048s] DEBUG:colcon.colcon_parallel_executor.executor.parallel:loop closed
[21.048s] DEBUG:colcon.colcon_parallel_executor.executor.parallel:run_until_complete finished with '0'
[21.049s] DEBUG:colcon.colcon_core.event_reactor:joining thread
[21.061s] INFO:colcon.colcon_core.plugin_system:Skipping extension 'colcon_notification.desktop_notification.terminal_notifier': Not used on non-Darwin systems
[21.062s] INFO:colcon.colcon_core.plugin_system:Skipping extension 'colcon_notification.desktop_notification.win32': Not used on non-Windows systems
[21.062s] INFO:colcon.colcon_notification.desktop_notification:Sending desktop notification using 'notify2'
[21.089s] DEBUG:colcon.colcon_core.event_reactor:joined thread
[21.090s] INFO:colcon.colcon_core.shell:Creating prefix script '/home/jaime/Documents/IFS06-DV/Paquetes_Ros2/puente_ros/pointcloud_to_laserscan/install/local_setup.ps1'
[21.093s] INFO:colcon.colcon_core.shell:Creating prefix util module '/home/jaime/Documents/IFS06-DV/Paquetes_Ros2/puente_ros/pointcloud_to_laserscan/install/_local_setup_util_ps1.py'
[21.096s] INFO:colcon.colcon_core.shell:Creating prefix chain script '/home/jaime/Documents/IFS06-DV/Paquetes_Ros2/puente_ros/pointcloud_to_laserscan/install/setup.ps1'
[21.098s] INFO:colcon.colcon_core.shell:Creating prefix script '/home/jaime/Documents/IFS06-DV/Paquetes_Ros2/puente_ros/pointcloud_to_laserscan/install/local_setup.sh'
[21.100s] INFO:colcon.colcon_core.shell:Creating prefix util module '/home/jaime/Documents/IFS06-DV/Paquetes_Ros2/puente_ros/pointcloud_to_laserscan/install/_local_setup_util_sh.py'
[21.101s] INFO:colcon.colcon_core.shell:Creating prefix chain script '/home/jaime/Documents/IFS06-DV/Paquetes_Ros2/puente_ros/pointcloud_to_laserscan/install/setup.sh'
[21.104s] INFO:colcon.colcon_core.shell:Creating prefix script '/home/jaime/Documents/IFS06-DV/Paquetes_Ros2/puente_ros/pointcloud_to_laserscan/install/local_setup.bash'
[21.105s] INFO:colcon.colcon_core.shell:Creating prefix chain script '/home/jaime/Documents/IFS06-DV/Paquetes_Ros2/puente_ros/pointcloud_to_laserscan/install/setup.bash'
[21.107s] INFO:colcon.colcon_core.shell:Creating prefix script '/home/jaime/Documents/IFS06-DV/Paquetes_Ros2/puente_ros/pointcloud_to_laserscan/install/local_setup.zsh'
[21.108s] INFO:colcon.colcon_core.shell:Creating prefix chain script '/home/jaime/Documents/IFS06-DV/Paquetes_Ros2/puente_ros/pointcloud_to_laserscan/install/setup.zsh'
