[0.981s] Invoking command in '/home/jaime/Documents/IFS06-DV/Paquetes_Ros2/puente_ros': PYTHONPATH=/home/jaime/Documents/IFS06-DV/Paquetes_Ros2/puente_ros/build/puente_ros/prefix_override:/home/jaime/Documents/IFS06-DV/Paquetes_Ros2/puente_ros/install/puente_ros/lib/python3.10/site-packages:${PYTHONPATH} /usr/bin/python3 -W ignore:setup.py install is deprecated setup.py egg_info --egg-base build/puente_ros build --build-base /home/jaime/Documents/IFS06-DV/Paquetes_Ros2/puente_ros/build/puente_ros/build install --record /home/jaime/Documents/IFS06-DV/Paquetes_Ros2/puente_ros/build/puente_ros/install.log --single-version-externally-managed install_data
[1.338s] running egg_info
[1.339s] writing build/puente_ros/puente_ros.egg-info/PKG-INFO
[1.339s] writing dependency_links to build/puente_ros/puente_ros.egg-info/dependency_links.txt
[1.339s] writing entry points to build/puente_ros/puente_ros.egg-info/entry_points.txt
[1.339s] writing requirements to build/puente_ros/puente_ros.egg-info/requires.txt
[1.340s] writing top-level names to build/puente_ros/puente_ros.egg-info/top_level.txt
[1.343s] reading manifest file 'build/puente_ros/puente_ros.egg-info/SOURCES.txt'
[1.343s] adding license file 'LICENSE'
[1.344s] writing manifest file 'build/puente_ros/puente_ros.egg-info/SOURCES.txt'
[1.344s] running build
[1.344s] running build_py
[1.345s] copying puente_ros/puente_ros.py -> /home/jaime/Documents/IFS06-DV/Paquetes_Ros2/puente_ros/build/puente_ros/build/lib/puente_ros
[1.345s] running install
[1.346s] running install_lib
[1.347s] copying /home/jaime/Documents/IFS06-DV/Paquetes_Ros2/puente_ros/build/puente_ros/build/lib/puente_ros/puente_ros.py -> /home/jaime/Documents/IFS06-DV/Paquetes_Ros2/puente_ros/install/puente_ros/lib/python3.10/site-packages/puente_ros
[1.348s] byte-compiling /home/jaime/Documents/IFS06-DV/Paquetes_Ros2/puente_ros/install/puente_ros/lib/python3.10/site-packages/puente_ros/puente_ros.py to puente_ros.cpython-310.pyc
[1.351s] running install_data
[1.351s] running install_egg_info
[1.356s] removing '/home/jaime/Documents/IFS06-DV/Paquetes_Ros2/puente_ros/install/puente_ros/lib/python3.10/site-packages/puente_ros-0.0.0-py3.10.egg-info' (and everything under it)
[1.356s] Copying build/puente_ros/puente_ros.egg-info to /home/jaime/Documents/IFS06-DV/Paquetes_Ros2/puente_ros/install/puente_ros/lib/python3.10/site-packages/puente_ros-0.0.0-py3.10.egg-info
[1.357s] running install_scripts
[1.391s] Installing puente_ros_camara script to /home/jaime/Documents/IFS06-DV/Paquetes_Ros2/puente_ros/install/puente_ros/lib/puente_ros
[1.392s] Installing puente_ros_lidar script to /home/jaime/Documents/IFS06-DV/Paquetes_Ros2/puente_ros/install/puente_ros/lib/puente_ros
[1.392s] Installing puente_ros_odom script to /home/jaime/Documents/IFS06-DV/Paquetes_Ros2/puente_ros/install/puente_ros/lib/puente_ros
[1.392s] writing list of installed files to '/home/jaime/Documents/IFS06-DV/Paquetes_Ros2/puente_ros/build/puente_ros/install.log'
[1.431s] Invoked command in '/home/jaime/Documents/IFS06-DV/Paquetes_Ros2/puente_ros' returned '0': PYTHONPATH=/home/jaime/Documents/IFS06-DV/Paquetes_Ros2/puente_ros/build/puente_ros/prefix_override:/home/jaime/Documents/IFS06-DV/Paquetes_Ros2/puente_ros/install/puente_ros/lib/python3.10/site-packages:${PYTHONPATH} /usr/bin/python3 -W ignore:setup.py install is deprecated setup.py egg_info --egg-base build/puente_ros build --build-base /home/jaime/Documents/IFS06-DV/Paquetes_Ros2/puente_ros/build/puente_ros/build install --record /home/jaime/Documents/IFS06-DV/Paquetes_Ros2/puente_ros/build/puente_ros/install.log --single-version-externally-managed install_data
