[1.213s] Invoking command in '/home/jaime/Documents/IFS06-DV/Paquetes_Ros2/yolo': PYTHONPATH=/home/jaime/Documents/IFS06-DV/Paquetes_Ros2/yolo/build/yolo/prefix_override:/home/jaime/Documents/IFS06-DV/Paquetes_Ros2/yolo/install/yolo/lib/python3.10/site-packages:${PYTHONPATH} /usr/bin/python3 -W ignore:setup.py install is deprecated setup.py egg_info --egg-base build/yolo build --build-base /home/jaime/Documents/IFS06-DV/Paquetes_Ros2/yolo/build/yolo/build install --record /home/jaime/Documents/IFS06-DV/Paquetes_Ros2/yolo/build/yolo/install.log --single-version-externally-managed install_data
[1.702s] running egg_info
[1.703s] writing build/yolo/yolo.egg-info/PKG-INFO
[1.703s] writing dependency_links to build/yolo/yolo.egg-info/dependency_links.txt
[1.704s] writing entry points to build/yolo/yolo.egg-info/entry_points.txt
[1.704s] writing requirements to build/yolo/yolo.egg-info/requires.txt
[1.704s] writing top-level names to build/yolo/yolo.egg-info/top_level.txt
[1.707s] reading manifest file 'build/yolo/yolo.egg-info/SOURCES.txt'
[1.708s] adding license file 'LICENSE'
[1.709s] writing manifest file 'build/yolo/yolo.egg-info/SOURCES.txt'
[1.710s] running build
[1.710s] running build_py
[1.711s] copying yolo/yolo.py -> /home/jaime/Documents/IFS06-DV/Paquetes_Ros2/yolo/build/yolo/build/lib/yolo
[1.711s] copying yolo/yolo_model.py -> /home/jaime/Documents/IFS06-DV/Paquetes_Ros2/yolo/build/yolo/build/lib/yolo
[1.711s] running install
[1.711s] running install_lib
[1.713s] copying /home/jaime/Documents/IFS06-DV/Paquetes_Ros2/yolo/build/yolo/build/lib/yolo/yolo.py -> /home/jaime/Documents/IFS06-DV/Paquetes_Ros2/yolo/install/yolo/lib/python3.10/site-packages/yolo
[1.713s] copying /home/jaime/Documents/IFS06-DV/Paquetes_Ros2/yolo/build/yolo/build/lib/yolo/yolo_model.py -> /home/jaime/Documents/IFS06-DV/Paquetes_Ros2/yolo/install/yolo/lib/python3.10/site-packages/yolo
[1.714s] byte-compiling /home/jaime/Documents/IFS06-DV/Paquetes_Ros2/yolo/install/yolo/lib/python3.10/site-packages/yolo/yolo.py to yolo.cpython-310.pyc
[1.715s] byte-compiling /home/jaime/Documents/IFS06-DV/Paquetes_Ros2/yolo/install/yolo/lib/python3.10/site-packages/yolo/yolo_model.py to yolo_model.cpython-310.pyc
[1.717s] running install_data
[1.717s] running install_egg_info
[1.721s] removing '/home/jaime/Documents/IFS06-DV/Paquetes_Ros2/yolo/install/yolo/lib/python3.10/site-packages/yolo-0.0.0-py3.10.egg-info' (and everything under it)
[1.721s] Copying build/yolo/yolo.egg-info to /home/jaime/Documents/IFS06-DV/Paquetes_Ros2/yolo/install/yolo/lib/python3.10/site-packages/yolo-0.0.0-py3.10.egg-info
[1.722s] running install_scripts
[1.764s] Installing Yolo script to /home/jaime/Documents/IFS06-DV/Paquetes_Ros2/yolo/install/yolo/lib/yolo
[1.765s] writing list of installed files to '/home/jaime/Documents/IFS06-DV/Paquetes_Ros2/yolo/build/yolo/install.log'
[1.811s] Invoked command in '/home/jaime/Documents/IFS06-DV/Paquetes_Ros2/yolo' returned '0': PYTHONPATH=/home/jaime/Documents/IFS06-DV/Paquetes_Ros2/yolo/build/yolo/prefix_override:/home/jaime/Documents/IFS06-DV/Paquetes_Ros2/yolo/install/yolo/lib/python3.10/site-packages:${PYTHONPATH} /usr/bin/python3 -W ignore:setup.py install is deprecated setup.py egg_info --egg-base build/yolo build --build-base /home/jaime/Documents/IFS06-DV/Paquetes_Ros2/yolo/build/yolo/build install --record /home/jaime/Documents/IFS06-DV/Paquetes_Ros2/yolo/build/yolo/install.log --single-version-externally-managed install_data
