[1.128s] Invoking command in '/home/jaime/Documents/IFS06-DV/Paquetes_Ros2/yolo': PYTHONPATH=/home/jaime/Documents/IFS06-DV/Paquetes_Ros2/yolo/build/yolo/prefix_override:/home/jaime/Documents/IFS06-DV/Paquetes_Ros2/yolo/install/yolo/lib/python3.10/site-packages:${PYTHONPATH} /usr/bin/python3 -W ignore:setup.py install is deprecated setup.py egg_info --egg-base build/yolo build --build-base /home/jaime/Documents/IFS06-DV/Paquetes_Ros2/yolo/build/yolo/build install --record /home/jaime/Documents/IFS06-DV/Paquetes_Ros2/yolo/build/yolo/install.log --single-version-externally-managed install_data
[1.587s] running egg_info
[1.589s] writing build/yolo/yolo.egg-info/PKG-INFO
[1.589s] writing dependency_links to build/yolo/yolo.egg-info/dependency_links.txt
[1.589s] writing entry points to build/yolo/yolo.egg-info/entry_points.txt
[1.590s] writing requirements to build/yolo/yolo.egg-info/requires.txt
[1.590s] writing top-level names to build/yolo/yolo.egg-info/top_level.txt
[1.593s] reading manifest file 'build/yolo/yolo.egg-info/SOURCES.txt'
[1.593s] adding license file 'LICENSE'
[1.595s] writing manifest file 'build/yolo/yolo.egg-info/SOURCES.txt'
[1.595s] running build
[1.595s] running build_py
[1.595s] copying yolo/yolo.py -> /home/jaime/Documents/IFS06-DV/Paquetes_Ros2/yolo/build/yolo/build/lib/yolo
[1.596s] running install
[1.596s] running install_lib
[1.598s] copying /home/jaime/Documents/IFS06-DV/Paquetes_Ros2/yolo/build/yolo/build/lib/yolo/yolo.py -> /home/jaime/Documents/IFS06-DV/Paquetes_Ros2/yolo/install/yolo/lib/python3.10/site-packages/yolo
[1.599s] byte-compiling /home/jaime/Documents/IFS06-DV/Paquetes_Ros2/yolo/install/yolo/lib/python3.10/site-packages/yolo/yolo.py to yolo.cpython-310.pyc
[1.600s] running install_data
[1.600s] running install_egg_info
[1.603s] removing '/home/jaime/Documents/IFS06-DV/Paquetes_Ros2/yolo/install/yolo/lib/python3.10/site-packages/yolo-0.0.0-py3.10.egg-info' (and everything under it)
[1.603s] Copying build/yolo/yolo.egg-info to /home/jaime/Documents/IFS06-DV/Paquetes_Ros2/yolo/install/yolo/lib/python3.10/site-packages/yolo-0.0.0-py3.10.egg-info
[1.604s] running install_scripts
[1.644s] Installing Yolo script to /home/jaime/Documents/IFS06-DV/Paquetes_Ros2/yolo/install/yolo/lib/yolo
[1.644s] writing list of installed files to '/home/jaime/Documents/IFS06-DV/Paquetes_Ros2/yolo/build/yolo/install.log'
[1.688s] Invoked command in '/home/jaime/Documents/IFS06-DV/Paquetes_Ros2/yolo' returned '0': PYTHONPATH=/home/jaime/Documents/IFS06-DV/Paquetes_Ros2/yolo/build/yolo/prefix_override:/home/jaime/Documents/IFS06-DV/Paquetes_Ros2/yolo/install/yolo/lib/python3.10/site-packages:${PYTHONPATH} /usr/bin/python3 -W ignore:setup.py install is deprecated setup.py egg_info --egg-base build/yolo build --build-base /home/jaime/Documents/IFS06-DV/Paquetes_Ros2/yolo/build/yolo/build install --record /home/jaime/Documents/IFS06-DV/Paquetes_Ros2/yolo/build/yolo/install.log --single-version-externally-managed install_data
